#
# There is insufficient memory for the Java Runtime Environment to continue.
# Native memory allocation (mmap) failed to map 22020096 bytes for committing reserved memory.
# Possible reasons:
#   The system is out of physical RAM or swap space
#   In 32 bit mode, the process size limit was hit
# Possible solutions:
#   Reduce memory load on the system
#   Increase physical memory or swap space
#   Check if swap backing store is full
#   Use 64 bit Java on a 64 bit OS
#   Decrease Java heap size (-Xmx/-Xms)
#   Decrease number of Java threads
#   Decrease Java thread stack sizes (-Xss)
#   Set larger code cache with -XX:ReservedCodeCacheSize=
# This output file may be truncated or incomplete.
#
#  Out of Memory Error (os_linux.cpp:2640), pid=10869, tid=0x00007fc28bfff700
#
# JRE version: OpenJDK Runtime Environment (8.0_152-b01) (build 1.8.0_152-release-915-b01)
# Java VM: OpenJDK 64-Bit Server VM (25.152-b01 mixed mode linux-amd64 compressed oops)
# Failed to write core dump. Core dumps have been disabled. To enable core dumping, try "ulimit -c unlimited" before starting Java again
#

---------------  T H R E A D  ---------------

Current thread (0x00007fc2b0078000):  VMThread [stack: 0x00007fc28beff000,0x00007fc28c000000] [id=10877]

Stack: [0x00007fc28beff000,0x00007fc28c000000],  sp=0x00007fc28bffe4c0,  free space=1021k
Native frames: (J=compiled Java code, j=interpreted, Vv=VM code, C=native code)
V  [libjvm.so+0x9eb15d]  VMError::report_and_die()+0x15d
V  [libjvm.so+0x4b8eaa]  report_vm_out_of_memory(char const*, int, unsigned long, VMErrorType, char const*)+0x8a
V  [libjvm.so+0x851370]  os::pd_commit_memory(char*, unsigned long, unsigned long, bool)+0xf0
V  [libjvm.so+0x84be8f]  os::commit_memory(char*, unsigned long, unsigned long, bool)+0x1f
V  [libjvm.so+0x8c261b]  PSVirtualSpace::expand_by(unsigned long)+0x5b
V  [libjvm.so+0x8c3290]  PSYoungGen::resize_generation(unsigned long, unsigned long)+0xb0
V  [libjvm.so+0x8c35ab]  PSYoungGen::resize(unsigned long, unsigned long)+0x1b
V  [libjvm.so+0x8bfc9c]  PSScavenge::invoke_no_policy()+0xdac
V  [libjvm.so+0x8c0478]  PSScavenge::invoke()+0x38
V  [libjvm.so+0x8748f3]  ParallelScavengeHeap::failed_mem_allocate(unsigned long)+0x63
V  [libjvm.so+0x9ecc84]  VM_ParallelGCFailedAllocation::doit()+0x84
V  [libjvm.so+0x9f1197]  VM_Operation::evaluate()+0x47
V  [libjvm.so+0x9efb78]  VMThread::evaluate_operation(VM_Operation*)+0x2c8
V  [libjvm.so+0x9efff9]  VMThread::loop()+0x219
V  [libjvm.so+0x9f0442]  VMThread::run()+0x72
V  [libjvm.so+0x84e792]  java_start(Thread*)+0xf2

VM_Operation (0x00007fc2899bc780): ParallelGCFailedAllocation, mode: safepoint, requested by thread 0x00007fc258008000


---------------  P R O C E S S  ---------------

Java Threads: ( => current thread )
  0x00007fc24442f800 JavaThread "build operations Thread 4" [_thread_blocked, id=10957, stack(0x00007fc2606fc000,0x00007fc2607fd000)]
  0x00007fc24442e800 JavaThread "build operations Thread 3" [_thread_blocked, id=10956, stack(0x00007fc2607fd000,0x00007fc2608fe000)]
  0x00007fc244467000 JavaThread "build operations Thread 2" [_thread_blocked, id=10955, stack(0x00007fc2608fe000,0x00007fc2609ff000)]
  0x00007fc244e64000 JavaThread "build operations" [_thread_blocked, id=10954, stack(0x00007fc2880d1000,0x00007fc2881d2000)]
  0x00007fc2449ef800 JavaThread "Cache worker for Artifact transforms cache (/home/rafael/.gradle/caches/transforms-1)" [_thread_blocked, id=10952, stack(0x00007fc288e95000,0x00007fc288f96000)]
  0x00007fc2442cd000 JavaThread "Cache worker for file hash cache (/home/rafael/AndroidStudioProjects/UfahamuMotorola/.gradle/4.1/fileHashes)" [_thread_blocked, id=10930, stack(0x00007fc2890c2000,0x00007fc2891c3000)]
  0x00007fc24416c000 JavaThread "File lock request listener" [_thread_in_native, id=10929, stack(0x00007fc2893c3000,0x00007fc2894c4000)]
  0x00007fc24417e000 JavaThread "Cache worker for file hash cache (/home/rafael/.gradle/caches/4.1/fileHashes)" [_thread_blocked, id=10928, stack(0x00007fc2894c4000,0x00007fc2895c5000)]
  0x00007fc24400b000 JavaThread "Asynchronous log dispatcher for DefaultDaemonConnection: socket connection from /127.0.0.1:33859 to /127.0.0.1:53390" [_thread_blocked, id=10907, stack(0x00007fc2895c5000,0x00007fc2896c6000)]
  0x00007fc258008000 JavaThread "Daemon worker" [_thread_blocked, id=10903, stack(0x00007fc2898c6000,0x00007fc2899c7000)]
  0x00007fc25800c000 JavaThread "Cancel handler" [_thread_blocked, id=10901, stack(0x00007fc2899c7000,0x00007fc289ac8000)]
  0x00007fc258007000 JavaThread "Handler for socket connection from /127.0.0.1:33859 to /127.0.0.1:53390" [_thread_in_native, id=10898, stack(0x00007fc289ac8000,0x00007fc289bc9000)]
  0x00007fc25c025800 JavaThread "Daemon" [_thread_blocked, id=10897, stack(0x00007fc289bc9000,0x00007fc289cca000)]
  0x00007fc2b0c3f000 JavaThread "Daemon periodic checks" [_thread_blocked, id=10893, stack(0x00007fc289cca000,0x00007fc289dcb000)]
  0x00007fc2b0c33000 JavaThread "Incoming local TCP Connector on port 33859" [_thread_in_native, id=10892, stack(0x00007fc289dd2000,0x00007fc289ed3000)]
  0x00007fc2b00c0800 JavaThread "Service Thread" daemon [_thread_blocked, id=10884, stack(0x00007fc28b51e000,0x00007fc28b61f000)]
  0x00007fc2b00bd000 JavaThread "C1 CompilerThread2" daemon [_thread_blocked, id=10883, stack(0x00007fc28b61f000,0x00007fc28b720000)]
  0x00007fc2b00bb800 JavaThread "C2 CompilerThread1" daemon [_thread_blocked, id=10882, stack(0x00007fc28b720000,0x00007fc28b821000)]
  0x00007fc2b00b8800 JavaThread "C2 CompilerThread0" daemon [_thread_blocked, id=10881, stack(0x00007fc28b821000,0x00007fc28b922000)]
  0x00007fc2b00b7000 JavaThread "Signal Dispatcher" daemon [_thread_blocked, id=10880, stack(0x00007fc28b922000,0x00007fc28ba23000)]
  0x00007fc2b0084800 JavaThread "Finalizer" daemon [_thread_blocked, id=10879, stack(0x00007fc28bcfd000,0x00007fc28bdfe000)]
  0x00007fc2b0080000 JavaThread "Reference Handler" daemon [_thread_blocked, id=10878, stack(0x00007fc28bdfe000,0x00007fc28beff000)]
  0x00007fc2b000a800 JavaThread "main" [_thread_blocked, id=10872, stack(0x00007fc2b781d000,0x00007fc2b791e000)]

Other Threads:
=>0x00007fc2b0078000 VMThread [stack: 0x00007fc28beff000,0x00007fc28c000000] [id=10877]
  0x00007fc2b00c2800 WatcherThread [stack: 0x00007fc28b41d000,0x00007fc28b51e000] [id=10885]

VM state:at safepoint (normal execution)

VM Mutex/Monitor currently owned by a thread:  ([mutex/lock_event])
[0x00007fc2b0006f30] Threads_lock - owner thread: 0x00007fc2b0078000
[0x00007fc2b0007430] Heap_lock - owner thread: 0x00007fc258008000

Heap:
 PSYoungGen      total 167936K, used 4584K [0x00000000e0000000, 0x00000000ecd80000, 0x0000000100000000)
  eden space 157184K, 0% used [0x00000000e0000000,0x00000000e0000000,0x00000000e9980000)
  from space 10752K, 42% used [0x00000000eb880000,0x00000000ebcfa0c0,0x00000000ec300000)
  to   space 3072K, 0% used [0x00000000eca80000,0x00000000eca80000,0x00000000ecd80000)
 ParOldGen       total 70656K, used 16636K [0x00000000a0000000, 0x00000000a4500000, 0x00000000e0000000)
  object space 70656K, 23% used [0x00000000a0000000,0x00000000a103f2c8,0x00000000a4500000)
 Metaspace       used 35882K, capacity 36798K, committed 37080K, reserved 1081344K
  class space    used 4769K, capacity 5108K, committed 5120K, reserved 1048576K

Card table byte_map: [0x00007fc2b43a5000,0x00007fc2b46a6000] byte_map_base: 0x00007fc2b3ea5000

Marking Bits: (ParMarkBitMap*) 0x00007fc2b6ce93e0
 Begin Bits: [0x00007fc299000000, 0x00007fc29a800000)
 End Bits:   [0x00007fc29a800000, 0x00007fc29c000000)

Polling page: 0x00007fc2b793c000

CodeCache: size=245760Kb used=14468Kb max_used=14468Kb free=231291Kb
 bounds [0x00007fc2a1000000, 0x00007fc2a1e70000, 0x00007fc2b0000000]
 total_blobs=4741 nmethods=4051 adapters=603
 compilation: enabled

Compilation events (10 events):
Event: 162,868 Thread 0x00007fc2b00b8800 4740       4       java.util.zip.ZipEntry::setExtra0 (360 bytes)
Event: 163,328 Thread 0x00007fc2b00b8800 nmethod 4740 0x00007fc2a187fd50 code [0x00007fc2a187ff60, 0x00007fc2a1880648]
Event: 164,105 Thread 0x00007fc2b00bd000 4741       3       java.lang.reflect.WeakCache::get (221 bytes)
Event: 164,229 Thread 0x00007fc2b00bd000 nmethod 4741 0x00007fc2a1d4dd50 code [0x00007fc2a1d4e0c0, 0x00007fc2a1d4fff8]
Event: 164,251 Thread 0x00007fc2b00bd000 4742       3       java.lang.reflect.WeakCache::expungeStaleEntries (31 bytes)
Event: 164,364 Thread 0x00007fc2b00bd000 nmethod 4742 0x00007fc2a1884b50 code [0x00007fc2a1884d00, 0x00007fc2a18853b8]
Event: 181,716 Thread 0x00007fc2b00bd000 4743       3       java.io.DataInputStream::readLong (128 bytes)
Event: 182,183 Thread 0x00007fc2b00bd000 nmethod 4743 0x00007fc2a1884250 code [0x00007fc2a18843e0, 0x00007fc2a1884788]
Event: 182,262 Thread 0x00007fc2b00bd000 4744       3       org.gradle.internal.serialize.InputStreamBackedDecoder::readString (8 bytes)
Event: 182,670 Thread 0x00007fc2b00bd000 nmethod 4744 0x00007fc2a1883d90 code [0x00007fc2a1883f00, 0x00007fc2a1884168]

GC Heap History (10 events):
Event: 130,134 GC heap after
Heap after GC invocations=8 (full 1):
 PSYoungGen      total 72704K, used 7190K [0x00000000e0000000, 0x00000000e8d00000, 0x0000000100000000)
  eden space 62976K, 0% used [0x00000000e0000000,0x00000000e0000000,0x00000000e3d80000)
  from space 9728K, 73% used [0x00000000e3d80000,0x00000000e4485968,0x00000000e4700000)
  to   space 10240K, 0% used [0x00000000e8300000,0x00000000e8300000,0x00000000e8d00000)
 ParOldGen       total 44032K, used 6733K [0x00000000a0000000, 0x00000000a2b00000, 0x00000000e0000000)
  object space 44032K, 15% used [0x00000000a0000000,0x00000000a0693518,0x00000000a2b00000)
 Metaspace       used 27829K, capacity 28390K, committed 28800K, reserved 1075200K
  class space    used 3765K, capacity 3936K, committed 3968K, reserved 1048576K
}
Event: 130,759 GC heap before
{Heap before GC invocations=9 (full 1):
 PSYoungGen      total 72704K, used 70166K [0x00000000e0000000, 0x00000000e8d00000, 0x0000000100000000)
  eden space 62976K, 100% used [0x00000000e0000000,0x00000000e3d80000,0x00000000e3d80000)
  from space 9728K, 73% used [0x00000000e3d80000,0x00000000e4485968,0x00000000e4700000)
  to   space 10240K, 0% used [0x00000000e8300000,0x00000000e8300000,0x00000000e8d00000)
 ParOldGen       total 44032K, used 6733K [0x00000000a0000000, 0x00000000a2b00000, 0x00000000e0000000)
  object space 44032K, 15% used [0x00000000a0000000,0x00000000a0693518,0x00000000a2b00000)
 Metaspace       used 29926K, capacity 30772K, committed 31104K, reserved 1077248K
  class space    used 3961K, capacity 4207K, committed 4224K, reserved 1048576K
Event: 130,782 GC heap after
Heap after GC invocations=9 (full 1):
 PSYoungGen      total 134144K, used 6739K [0x00000000e0000000, 0x00000000e8c80000, 0x0000000100000000)
  eden space 124416K, 0% used [0x00000000e0000000,0x00000000e0000000,0x00000000e7980000)
  from space 9728K, 69% used [0x00000000e8300000,0x00000000e8994fa8,0x00000000e8c80000)
  to   space 9728K, 0% used [0x00000000e7980000,0x00000000e7980000,0x00000000e8300000)
 ParOldGen       total 44032K, used 6733K [0x00000000a0000000, 0x00000000a2b00000, 0x00000000e0000000)
  object space 44032K, 15% used [0x00000000a0000000,0x00000000a0693518,0x00000000a2b00000)
 Metaspace       used 29926K, capacity 30772K, committed 31104K, reserved 1077248K
  class space    used 3961K, capacity 4207K, committed 4224K, reserved 1048576K
}
Event: 131,570 GC heap before
{Heap before GC invocations=10 (full 1):
 PSYoungGen      total 134144K, used 60874K [0x00000000e0000000, 0x00000000e8c80000, 0x0000000100000000)
  eden space 124416K, 43% used [0x00000000e0000000,0x00000000e34dda70,0x00000000e7980000)
  from space 9728K, 69% used [0x00000000e8300000,0x00000000e8994fa8,0x00000000e8c80000)
  to   space 9728K, 0% used [0x00000000e7980000,0x00000000e7980000,0x00000000e8300000)
 ParOldGen       total 44032K, used 6733K [0x00000000a0000000, 0x00000000a2b00000, 0x00000000e0000000)
  object space 44032K, 15% used [0x00000000a0000000,0x00000000a0693518,0x00000000a2b00000)
 Metaspace       used 34403K, capacity 35184K, committed 35416K, reserved 1079296K
  class space    used 4634K, capacity 4911K, committed 4992K, reserved 1048576K
Event: 131,595 GC heap after
Heap after GC invocations=10 (full 1):
 PSYoungGen      total 134144K, used 8324K [0x00000000e0000000, 0x00000000ed480000, 0x0000000100000000)
  eden space 124416K, 0% used [0x00000000e0000000,0x00000000e0000000,0x00000000e7980000)
  from space 9728K, 85% used [0x00000000e7980000,0x00000000e81a13a0,0x00000000e8300000)
  to   space 10240K, 0% used [0x00000000eca80000,0x00000000eca80000,0x00000000ed480000)
 ParOldGen       total 44032K, used 9643K [0x00000000a0000000, 0x00000000a2b00000, 0x00000000e0000000)
  object space 44032K, 21% used [0x00000000a0000000,0x00000000a096aed8,0x00000000a2b00000)
 Metaspace       used 34403K, capacity 35184K, committed 35416K, reserved 1079296K
  class space    used 4634K, capacity 4911K, committed 4992K, reserved 1048576K
}
Event: 131,596 GC heap before
{Heap before GC invocations=11 (full 2):
 PSYoungGen      total 134144K, used 8324K [0x00000000e0000000, 0x00000000ed480000, 0x0000000100000000)
  eden space 124416K, 0% used [0x00000000e0000000,0x00000000e0000000,0x00000000e7980000)
  from space 9728K, 85% used [0x00000000e7980000,0x00000000e81a13a0,0x00000000e8300000)
  to   space 10240K, 0% used [0x00000000eca80000,0x00000000eca80000,0x00000000ed480000)
 ParOldGen       total 44032K, used 9643K [0x00000000a0000000, 0x00000000a2b00000, 0x00000000e0000000)
  object space 44032K, 21% used [0x00000000a0000000,0x00000000a096aed8,0x00000000a2b00000)
 Metaspace       used 34403K, capacity 35184K, committed 35416K, reserved 1079296K
  class space    used 4634K, capacity 4911K, committed 4992K, reserved 1048576K
Event: 131,784 GC heap after
Heap after GC invocations=11 (full 2):
 PSYoungGen      total 134144K, used 0K [0x00000000e0000000, 0x00000000ed480000, 0x0000000100000000)
  eden space 124416K, 0% used [0x00000000e0000000,0x00000000e0000000,0x00000000e7980000)
  from space 9728K, 0% used [0x00000000e7980000,0x00000000e7980000,0x00000000e8300000)
  to   space 10240K, 0% used [0x00000000eca80000,0x00000000eca80000,0x00000000ed480000)
 ParOldGen       total 70656K, used 16620K [0x00000000a0000000, 0x00000000a4500000, 0x00000000e0000000)
  object space 70656K, 23% used [0x00000000a0000000,0x00000000a103b2c8,0x00000000a4500000)
 Metaspace       used 34307K, capacity 34940K, committed 35416K, reserved 1079296K
  class space    used 4607K, capacity 4851K, committed 4992K, reserved 1048576K
}
Event: 137,450 GC heap before
{Heap before GC invocations=12 (full 2):
 PSYoungGen      total 134144K, used 124416K [0x00000000e0000000, 0x00000000ed480000, 0x0000000100000000)
  eden space 124416K, 100% used [0x00000000e0000000,0x00000000e7980000,0x00000000e7980000)
  from space 9728K, 0% used [0x00000000e7980000,0x00000000e7980000,0x00000000e8300000)
  to   space 10240K, 0% used [0x00000000eca80000,0x00000000eca80000,0x00000000ed480000)
 ParOldGen       total 70656K, used 16620K [0x00000000a0000000, 0x00000000a4500000, 0x00000000e0000000)
  object space 70656K, 23% used [0x00000000a0000000,0x00000000a103b2c8,0x00000000a4500000)
 Metaspace       used 34912K, capacity 35612K, committed 35928K, reserved 1081344K
  class space    used 4639K, capacity 4883K, committed 4992K, reserved 1048576K
Event: 137,478 GC heap after
Heap after GC invocations=12 (full 2):
 PSYoungGen      total 160256K, used 2800K [0x00000000e0000000, 0x00000000ecd80000, 0x0000000100000000)
  eden space 157184K, 0% used [0x00000000e0000000,0x00000000e0000000,0x00000000e9980000)
  from space 3072K, 91% used [0x00000000eca80000,0x00000000ecd3c040,0x00000000ecd80000)
  to   space 10752K, 0% used [0x00000000eb880000,0x00000000eb880000,0x00000000ec300000)
 ParOldGen       total 70656K, used 16628K [0x00000000a0000000, 0x00000000a4500000, 0x00000000e0000000)
  object space 70656K, 23% used [0x00000000a0000000,0x00000000a103d2c8,0x00000000a4500000)
 Metaspace       used 34912K, capacity 35612K, committed 35928K, reserved 1081344K
  class space    used 4639K, capacity 4883K, committed 4992K, reserved 1048576K
}
Event: 186,703 GC heap before
{Heap before GC invocations=13 (full 2):
 PSYoungGen      total 160256K, used 159984K [0x00000000e0000000, 0x00000000ecd80000, 0x0000000100000000)
  eden space 157184K, 100% used [0x00000000e0000000,0x00000000e9980000,0x00000000e9980000)
  from space 3072K, 91% used [0x00000000eca80000,0x00000000ecd3c040,0x00000000ecd80000)
  to   space 10752K, 0% used [0x00000000eb880000,0x00000000eb880000,0x00000000ec300000)
 ParOldGen       total 70656K, used 16628K [0x00000000a0000000, 0x00000000a4500000, 0x00000000e0000000)
  object space 70656K, 23% used [0x00000000a0000000,0x00000000a103d2c8,0x00000000a4500000)
 Metaspace       used 35882K, capacity 36798K, committed 37080K, reserved 1081344K
  class space    used 4769K, capacity 5108K, committed 5120K, reserved 1048576K

Deoptimization events (10 events):
Event: 139,545 Thread 0x00007fc258008000 Uncommon trap: reason=bimorphic action=maybe_recompile pc=0x00007fc2a12d6cb0 method=com.google.common.collect.AbstractMapBasedMultimap.put(Ljava/lang/Object;Ljava/lang/Object;)Z @ 70
Event: 139,557 Thread 0x00007fc258008000 Uncommon trap: reason=bimorphic action=maybe_recompile pc=0x00007fc2a12d6cb0 method=com.google.common.collect.AbstractMapBasedMultimap.put(Ljava/lang/Object;Ljava/lang/Object;)Z @ 70
Event: 139,557 Thread 0x00007fc258008000 Uncommon trap: reason=unstable_if action=reinterpret pc=0x00007fc2a184772c method=com.google.common.collect.AbstractMapBasedMultimap$Itr.next()Ljava/lang/Object; @ 9
Event: 139,572 Thread 0x00007fc258008000 Uncommon trap: reason=unstable_if action=reinterpret pc=0x00007fc2a17adbe0 method=org.gradle.api.internal.changedetection.state.AbstractNormalizedFileSnapshot.compareTo(Lorg/gradle/api/internal/changedetection/state/NormalizedFileSnapshot;)I @ 15
Event: 139,579 Thread 0x00007fc258008000 Uncommon trap: reason=unstable_if action=reinterpret pc=0x00007fc2a185b470 method=org.gradle.api.internal.changedetection.state.AbstractNormalizedFileSnapshot.compareTo(Lorg/gradle/api/internal/changedetection/state/NormalizedFileSnapshot;)I @ 15
Event: 147,790 Thread 0x00007fc258008000 Uncommon trap: reason=array_check action=maybe_recompile pc=0x00007fc2a1b679bc method=java.util.ComparableTimSort.mergeLo(IIII)V @ 81
Event: 147,793 Thread 0x00007fc258008000 Uncommon trap: reason=array_check action=maybe_recompile pc=0x00007fc2a1b679bc method=java.util.ComparableTimSort.mergeLo(IIII)V @ 81
Event: 147,793 Thread 0x00007fc258008000 Uncommon trap: reason=array_check action=maybe_recompile pc=0x00007fc2a1b679bc method=java.util.ComparableTimSort.mergeLo(IIII)V @ 81
Event: 147,794 Thread 0x00007fc258008000 Uncommon trap: reason=array_check action=maybe_recompile pc=0x00007fc2a1a592a0 method=java.util.ComparableTimSort.mergeHi(IIII)V @ 101
Event: 148,089 Thread 0x00007fc258008000 Uncommon trap: reason=class_check action=maybe_recompile pc=0x00007fc2a18994a8 method=com.google.common.base.Equivalence$Equals.doEquivalent(Ljava/lang/Object;Ljava/lang/Object;)Z @ 2

Classes redefined (0 events):
No events

Internal exceptions (10 events):
Event: 147,812 Thread 0x00007fc258008000 Exception <a 'java/lang/ClassNotFoundException': org/gradle/api/internal/ConventionTaskBeanInfo> (0x00000000e8e3c5d0) thrown at [/ssd/Android/AOSP-openjdk-git/jdk8u/hotspot/src/share/vm/classfile/systemDictionary.cpp, line 210]
Event: 147,814 Thread 0x00007fc258008000 Exception <a 'java/lang/ClassNotFoundException': org/gradle/api/DefaultTaskBeanInfo> (0x00000000e8e5cb48) thrown at [/ssd/Android/AOSP-openjdk-git/jdk8u/hotspot/src/share/vm/classfile/systemDictionary.cpp, line 210]
Event: 147,814 Thread 0x00007fc258008000 Exception <a 'java/lang/ClassNotFoundException': org/gradle/api/internal/AbstractTaskBeanInfo> (0x00000000e8e82d88) thrown at [/ssd/Android/AOSP-openjdk-git/jdk8u/hotspot/src/share/vm/classfile/systemDictionary.cpp, line 210]
Event: 147,818 Thread 0x00007fc258008000 Exception <a 'java/lang/ClassNotFoundException': org/gradle/api/internal/AbstractTaskCustomizer> (0x00000000e8ea9a40) thrown at [/ssd/Android/AOSP-openjdk-git/jdk8u/hotspot/src/share/vm/classfile/systemDictionary.cpp, line 210]
Event: 147,822 Thread 0x00007fc258008000 Exception <a 'java/lang/ClassNotFoundException': org/gradle/api/DefaultTaskCustomizer> (0x00000000e8f29830) thrown at [/ssd/Android/AOSP-openjdk-git/jdk8u/hotspot/src/share/vm/classfile/systemDictionary.cpp, line 210]
Event: 147,823 Thread 0x00007fc258008000 Exception <a 'java/lang/ClassNotFoundException': org/gradle/api/internal/ConventionTaskCustomizer> (0x00000000e8f5f740) thrown at [/ssd/Android/AOSP-openjdk-git/jdk8u/hotspot/src/share/vm/classfile/systemDictionary.cpp, line 210]
Event: 147,825 Thread 0x00007fc258008000 Exception <a 'java/lang/ClassNotFoundException': org/gradle/api/tasks/DeleteCustomizer> (0x00000000e8f93e58) thrown at [/ssd/Android/AOSP-openjdk-git/jdk8u/hotspot/src/share/vm/classfile/systemDictionary.cpp, line 210]
Event: 147,829 Thread 0x00007fc258008000 Exception <a 'java/lang/ClassNotFoundException': org/gradle/api/tasks/Delete_DecoratedCustomizer> (0x00000000e8fd5760) thrown at [/ssd/Android/AOSP-openjdk-git/jdk8u/hotspot/src/share/vm/classfile/systemDictionary.cpp, line 210]
Event: 150,910 Thread 0x00007fc258008000 Exception <a 'java/lang/ClassNotFoundException': build_2jb9igpnqqkeobi9ur3wxyu9kBeanInfo> (0x00000000e962ff30) thrown at [/ssd/Android/AOSP-openjdk-git/jdk8u/hotspot/src/share/vm/classfile/systemDictionary.cpp, line 210]
Event: 151,609 Thread 0x00007fc258008000 Exception <a 'java/lang/ClassNotFoundException': build_2jb9igpnqqkeobi9ur3wxyu9kCustomizer> (0x00000000e9639ef8) thrown at [/ssd/Android/AOSP-openjdk-git/jdk8u/hotspot/src/share/vm/classfile/systemDictionary.cpp, line 210]

Events (10 events):
Event: 183,744 loading class com/google/common/base/Splitter$1 done
Event: 184,000 loading class com/google/common/base/Splitter$SplittingIterator
Event: 184,020 loading class com/google/common/base/Splitter$SplittingIterator done
Event: 184,136 loading class com/google/common/base/AbstractIterator
Event: 184,143 loading class com/google/common/base/AbstractIterator done
Event: 184,422 loading class com/google/common/base/Splitter$1$1
Event: 184,437 loading class com/google/common/base/Splitter$1$1 done
Event: 184,947 loading class com/google/common/base/Splitter$5
Event: 184,967 loading class com/google/common/base/Splitter$5 done
Event: 186,677 Executing VM operation: ParallelGCFailedAllocation


Dynamic libraries:
00400000-00401000 r-xp 00000000 08:04 199594                             /home/rafael/android-studio/jre/bin/java
00600000-00601000 r--p 00000000 08:04 199594                             /home/rafael/android-studio/jre/bin/java
00601000-00602000 rw-p 00001000 08:04 199594                             /home/rafael/android-studio/jre/bin/java
016fa000-0171b000 rw-p 00000000 00:00 0                                  [heap]
a0000000-a4500000 rw-p 00000000 00:00 0 
a4500000-e0000000 ---p 00000000 00:00 0 
e0000000-ecd80000 rw-p 00000000 00:00 0 
ee280000-100000000 ---p 00000000 00:00 0 
100000000-100500000 rw-p 00000000 00:00 0 
100500000-140000000 ---p 00000000 00:00 0 
7fc224000000-7fc224021000 rw-p 00000000 00:00 0 
7fc224021000-7fc228000000 ---p 00000000 00:00 0 
7fc228000000-7fc228021000 rw-p 00000000 00:00 0 
7fc228021000-7fc22c000000 ---p 00000000 00:00 0 
7fc22c000000-7fc22c021000 rw-p 00000000 00:00 0 
7fc22c021000-7fc230000000 ---p 00000000 00:00 0 
7fc230000000-7fc230021000 rw-p 00000000 00:00 0 
7fc230021000-7fc234000000 ---p 00000000 00:00 0 
7fc234000000-7fc234021000 rw-p 00000000 00:00 0 
7fc234021000-7fc238000000 ---p 00000000 00:00 0 
7fc238000000-7fc238021000 rw-p 00000000 00:00 0 
7fc238021000-7fc23c000000 ---p 00000000 00:00 0 
7fc23c000000-7fc23c091000 rw-p 00000000 00:00 0 
7fc23c091000-7fc240000000 ---p 00000000 00:00 0 
7fc240000000-7fc240021000 rw-p 00000000 00:00 0 
7fc240021000-7fc244000000 ---p 00000000 00:00 0 
7fc244000000-7fc245056000 rw-p 00000000 00:00 0 
7fc245056000-7fc248000000 ---p 00000000 00:00 0 
7fc248000000-7fc24827e000 rw-p 00000000 00:00 0 
7fc24827e000-7fc24c000000 ---p 00000000 00:00 0 
7fc24c000000-7fc24c04c000 rw-p 00000000 00:00 0 
7fc24c04c000-7fc250000000 ---p 00000000 00:00 0 
7fc250000000-7fc250021000 rw-p 00000000 00:00 0 
7fc250021000-7fc254000000 ---p 00000000 00:00 0 
7fc254000000-7fc254021000 rw-p 00000000 00:00 0 
7fc254021000-7fc258000000 ---p 00000000 00:00 0 
7fc258000000-7fc258021000 rw-p 00000000 00:00 0 
7fc258021000-7fc25c000000 ---p 00000000 00:00 0 
7fc25c000000-7fc25c076000 rw-p 00000000 00:00 0 
7fc25c076000-7fc260000000 ---p 00000000 00:00 0 
7fc2603f1000-7fc260412000 r--p 00000000 08:04 2494911                    /usr/share/locale-langpack/pt_BR/LC_MESSAGES/libc.mo
7fc260412000-7fc26041d000 r--s 00081000 08:04 6029473                    /home/rafael/.gradle/caches/jars-3/fc6e889a0f45cc9752787eb60f920103/trove4j-20160824.jar
7fc26041d000-7fc2604a0000 r--s 00758000 08:04 5638414                    /home/rafael/.gradle/caches/jars-3/0d3de44a8474017418d71d8887a5e944/intellij-core-26.0.0.jar
7fc2604a0000-7fc2604a6000 r--s 00033000 08:04 5638412                    /home/rafael/.gradle/caches/jars-3/f96c897d327ea500d64fe3af2833bd50/commons-codec-1.6.jar
7fc2604a6000-7fc2604a8000 r--s 0000d000 08:04 5638410                    /home/rafael/.gradle/caches/jars-3/ccc849edcf9fccd61ed937bf93ffe896/commons-logging-1.1.1.jar
7fc2604a8000-7fc2604ae000 r--s 00032000 08:04 5638408                    /home/rafael/.gradle/caches/jars-3/72e344059d1923829968d0d38b0c3c72/httpcore-4.2.5.jar
7fc2604ae000-7fc2604af000 r--s 00004000 08:04 5638406                    /home/rafael/.gradle/caches/jars-3/3a4299d1ce3e273e7c03a9ccf5a1e333/annotations-12.0.jar
7fc2604af000-7fc2604b0000 r--s 00000000 08:04 5638404                    /home/rafael/.gradle/caches/jars-3/0e2fbc3b8c56d2975eca90c524790c13/animal-sniffer-annotations-1.14.jar
7fc2604b0000-7fc2604b2000 r--s 00001000 08:04 5638402                    /home/rafael/.gradle/caches/jars-3/ad41f8f3ac67c0323ce9eb1c20c8dc3f/j2objc-annotations-1.1.jar
7fc2604b2000-7fc2604b3000 r--s 00002000 08:04 5638400                    /home/rafael/.gradle/caches/jars-3/9edb0f46b907c34c4718edabde6c791c/error_prone_annotations-2.0.18.jar
7fc2604b3000-7fc2604b6000 r--s 00006000 08:04 5638398                    /home/rafael/.gradle/caches/jars-3/b58a9bc3bbba42132e4abc0bacae8da1/jsr305-1.3.9.jar
7fc2604b6000-7fc2604b7000 r--s 0000a000 08:04 5638396                    /home/rafael/.gradle/caches/jars-3/5b8b36ed61fe92731031cca3c9b3a0b3/kxml2-2.3.0.jar
7fc2604b7000-7fc2604b9000 r--s 00005000 08:04 5638394                    /home/rafael/.gradle/caches/jars-3/f10e1e1978816198f2eb1189c974b440/httpmime-4.1.jar
7fc2604b9000-7fc2604c3000 r--s 00061000 08:04 5638392                    /home/rafael/.gradle/caches/jars-3/bc4b2527f35dc983f759e8f85f3f8d52/httpclient-4.2.6.jar
7fc2604c3000-7fc2604cc000 r--s 00064000 08:04 5638390                    /home/rafael/.gradle/caches/jars-3/fc37c717528c2a0d27f3e3621835f781/commons-compress-1.12.jar
7fc2604cc000-7fc2604d1000 r--s 0002e000 08:04 5638388                    /home/rafael/.gradle/caches/jars-3/c5bcda7f6f4809e9c92270f99e51f154/gson-2.3.jar
7fc2604d1000-7fc2604e1000 r--s 000d6000 08:04 5638386                    /home/rafael/.gradle/caches/jars-3/dbdb8caed2514263a34702cc763c6785/proguard-base-5.3.3.jar
7fc2604e1000-7fc2604e3000 r--s 00003000 08:04 5381890                    /home/rafael/.gradle/caches/jars-3/01ab8600ebbfdcaf9b89b45c2b992e82/annotations-13.0.jar
7fc2604e3000-7fc2604e4000 r--s 00001000 08:04 5381888                    /home/rafael/.gradle/caches/jars-3/22d054403841f76f651e28ff81d7e543/annotations-26.0.0.jar
7fc2604e4000-7fc2604e7000 r--s 00033000 08:04 5381886                    /home/rafael/.gradle/caches/jars-3/0ce03714647bf7bd3c78634c20ddbf38/juniversalchardet-1.0.3.jar
7fc2604e7000-7fc2604eb000 r--s 0002a000 08:04 5381884                    /home/rafael/.gradle/caches/jars-3/9849af6d4b0409ba64061601342f385d/commons-io-2.4.jar
7fc2604eb000-7fc260502000 r--s 00154000 08:04 5381882                    /home/rafael/.gradle/caches/jars-3/57adf9abd30c921d4ea1dfdcfe7b9efd/antlr4-4.5.3.jar
7fc260502000-7fc260503000 r--s 00003000 08:04 5381880                    /home/rafael/.gradle/caches/jars-3/f29c2da6b031c4830fe215ea32cbd1d6/baseLibrary-3.0.0.jar
7fc260503000-7fc260533000 r--s 00245000 08:04 5381878                    /home/rafael/.gradle/caches/jars-3/8e27cdebb49ba2f804f9403d90aaaac5/guava-22.0.jar
7fc260533000-7fc26053b000 r--s 000a8000 08:04 5381876                    /home/rafael/.gradle/caches/jars-3/6cc57ce9ec0d90186f781694264d61bc/lombok-ast-0.2.3.jar
7fc26053b000-7fc26053f000 r--s 0002f000 08:04 5381874                    /home/rafael/.gradle/caches/jars-3/505fcc8c47da308b2f1262f0ff3c65f1/jimfs-1.1.jar
7fc26053f000-7fc260552000 r--s 00241000 08:04 5381872                    /home/rafael/.gradle/caches/jars-3/d8dc71eb6d91c966c45f7b594129e14a/ecj-4.6.1.jar
7fc260552000-7fc260553000 r--s 00003000 08:04 5381870                    /home/rafael/.gradle/caches/jars-3/fdb8f5ebd6a086c4818336712b830716/json-simple-1.1.jar
7fc260553000-7fc260678000 r--s 00f5d000 08:04 5381868                    /home/rafael/.gradle/caches/jars-3/dfd566a90e18a0aa75879c33e0731ab8/fastutil-7.2.0.jar
7fc260678000-7fc2606c3000 r--s 002ff000 08:04 5381866                    /home/rafael/.gradle/caches/jars-3/d3d44e9a7fcb4a86fb40775c385dd3d0/bcprov-jdk15on-1.56.jar
7fc2606c3000-7fc2606d4000 r--s 00097000 08:04 5381864                    /home/rafael/.gradle/caches/jars-3/59ebb77d99c5ca0e24bb23272e0329dd/bcpkix-jdk15on-1.56.jar
7fc2606d4000-7fc2606d6000 r--s 00002000 08:04 5381862                    /home/rafael/.gradle/caches/jars-3/f268e5e8fc83bb846ac355d6a16b1f30/javawriter-2.5.0.jar
7fc2606d6000-7fc2606db000 r--s 0003b000 08:04 5381860                    /home/rafael/.gradle/caches/jars-3/e05f9976b96d28fde211735fa5e94d9a/apksig-3.0.0.jar
7fc2606db000-7fc2606de000 r--s 00024000 08:04 5381858                    /home/rafael/.gradle/caches/jars-3/664e7b307d7ea6fbd268ae5e965af33f/common-26.0.0.jar
7fc2606de000-7fc2606e0000 r--s 00006000 08:04 5381856                    /home/rafael/.gradle/caches/jars-3/0406b1b4dc723dfbfe2d3f0701ad05b0/dvlib-26.0.0.jar
7fc2606e0000-7fc2606e3000 r--s 00014000 08:04 2793337                    /home/rafael/.gradle/caches/jars-3/3ce077ae1920336ec43b829a7f72ce49/layoutlib-api-26.0.0.jar
7fc2606e3000-7fc2606e8000 r--s 0004d000 08:04 2793335                    /home/rafael/.gradle/caches/jars-3/65eb04ad4074b88473a4bd0790ceb5fa/ddmlib-26.0.0.jar
7fc2606e8000-7fc2606e9000 r--s 00003000 08:04 2793333                    /home/rafael/.gradle/caches/jars-3/be01663fe004b181af941ac54e7bc4f0/builder-test-api-3.0.0.jar
7fc2606e9000-7fc2606fc000 r--s 001a8000 08:04 2793327                    /home/rafael/.gradle/caches/jars-3/2265108d6f8c35991db49bb36a4f9855/protos-26.0.0.jar
7fc2606fc000-7fc2606ff000 ---p 00000000 00:00 0 
7fc2606ff000-7fc2607fd000 rw-p 00000000 00:00 0 
7fc2607fd000-7fc260800000 ---p 00000000 00:00 0 
7fc260800000-7fc2608fe000 rw-p 00000000 00:00 0 
7fc2608fe000-7fc260901000 ---p 00000000 00:00 0 
7fc260901000-7fc260b3f000 rw-p 00000000 00:00 0 
7fc260b3f000-7fc260bff000 ---p 00000000 00:00 0 
7fc260bff000-7fc260df5000 rw-p 00000000 00:00 0 
7fc260df5000-7fc260dff000 ---p 00000000 00:00 0 
7fc260dff000-7fc260fff000 rw-p 00000000 00:00 0 
7fc260fff000-7fc264000000 rw-p 00000000 00:00 0 
7fc264000000-7fc264021000 rw-p 00000000 00:00 0 
7fc264021000-7fc268000000 ---p 00000000 00:00 0 
7fc268000000-7fc268021000 rw-p 00000000 00:00 0 
7fc268021000-7fc26c000000 ---p 00000000 00:00 0 
7fc26c000000-7fc26dce1000 rw-p 00000000 00:00 0 
7fc26dce1000-7fc270000000 ---p 00000000 00:00 0 
7fc270000000-7fc270bfc000 rw-p 00000000 00:00 0 
7fc270bfc000-7fc274000000 ---p 00000000 00:00 0 
7fc274000000-7fc274021000 rw-p 00000000 00:00 0 
7fc274021000-7fc278000000 ---p 00000000 00:00 0 
7fc278000000-7fc27a0f5000 rw-p 00000000 00:00 0 
7fc27a0f5000-7fc27c000000 ---p 00000000 00:00 0 
7fc27c000000-7fc27c021000 rw-p 00000000 00:00 0 
7fc27c021000-7fc280000000 ---p 00000000 00:00 0 
7fc280000000-7fc280021000 rw-p 00000000 00:00 0 
7fc280021000-7fc284000000 ---p 00000000 00:00 0 
7fc284000000-7fc284318000 rw-p 00000000 00:00 0 
7fc284318000-7fc288000000 ---p 00000000 00:00 0 
7fc288000000-7fc288003000 r--s 00007000 08:04 2793331                    /home/rafael/.gradle/caches/jars-3/38f9351bf06ef722e62746fe5560ea34/builder-model-3.0.0.jar
7fc288003000-7fc288012000 r--s 00130000 08:04 2793329                    /home/rafael/.gradle/caches/jars-3/72ba1443c6adcea1f6ba21e12f0bb0fc/protobuf-java-3.0.0.jar
7fc288012000-7fc288013000 r--s 00005000 08:04 2793325                    /home/rafael/.gradle/caches/jars-3/d41f18504bb9fe2aad8342cc4d177c72/shared-26.0.0.jar
7fc288013000-7fc288015000 r--s 00004000 08:04 2793323                    /home/rafael/.gradle/caches/jars-3/6d32eb0515d6f097cfbdc2a4d0a68216/tracker-26.0.0.jar
7fc288015000-7fc288017000 r--s 00002000 08:04 2793321                    /home/rafael/.gradle/caches/jars-3/e91624d2ed1c3b55eec9fd768ed13c1d/proguard-gradle-5.3.3.jar
7fc288017000-7fc288019000 r--s 0000f000 08:04 2793319                    /home/rafael/.gradle/caches/jars-3/96760c32d36a5d7066e3ccf088bfd362/jopt-simple-4.9.jar
7fc288019000-7fc28801d000 r--s 0001e000 08:04 2793317                    /home/rafael/.gradle/caches/jars-3/0d3e95aba631209a078aeec58a76633d/org.jacoco.core-0.7.4.201502262128.jar
7fc28801d000-7fc288020000 r--s 00020000 08:04 2793315                    /home/rafael/.gradle/caches/jars-3/c72fc284d34f39eab57a4e3ba83405e9/org.jacoco.report-0.7.4.201502262128.jar
7fc288020000-7fc288022000 r--s 0000c000 08:04 2793313                    /home/rafael/.gradle/caches/jars-3/9b0a36633c92c6e87e62c81734593183/asm-5.1.jar
7fc288022000-7fc288024000 r--s 00006000 08:04 2793311                    /home/rafael/.gradle/caches/jars-3/50c8a7da333c41693b2b7ce95b6d9d89/asm-tree-5.1.jar
7fc288024000-7fc288025000 r--s 0000a000 08:04 2793309                    /home/rafael/.gradle/caches/jars-3/c4f1f1d5a624f981d35a78d181e2c418/asm-util-5.1.jar
7fc288025000-7fc288027000 r--s 0000a000 08:04 2793307                    /home/rafael/.gradle/caches/jars-3/d37aa405961c464c627b1efe5def81b8/asm-commons-5.1.jar
7fc288027000-7fc288028000 r--s 00004000 08:04 2793305                    /home/rafael/.gradle/caches/jars-3/2b2689d10a4425b1cb2d0654db2ea088/asm-analysis-5.1.jar
7fc288028000-7fc288029000 r--s 00000000 08:04 2793303                    /home/rafael/.gradle/caches/jars-3/5206138fb8a6b2ffbd31e140916c2100/transform-api-2.0.0-deprecated-use-gradle-api.jar
7fc288029000-7fc288038000 r--s 000c8000 08:04 2793301                    /home/rafael/.gradle/caches/jars-3/af931fae44e009148423077fa09abbd1/kotlin-stdlib-1.1.3-2.jar
7fc288038000-7fc28806a000 r--s 0021b000 08:04 2793299                    /home/rafael/.gradle/caches/jars-3/24b2127528a18b338af82ff7ea236d45/kotlin-reflect-1.1.3-2.jar
7fc28806a000-7fc288070000 r--s 00030000 08:04 2793297                    /home/rafael/.gradle/caches/jars-3/ed1566eb5e13985bd2441d4d9fb001bc/repository-26.0.0.jar
7fc288070000-7fc28807b000 r--s 0009b000 08:04 2793295                    /home/rafael/.gradle/caches/jars-3/010a8562e37fa93874e94473b7b1b739/sdklib-26.0.0.jar
7fc28807b000-7fc28808a000 r--s 000da000 08:04 2754168                    /home/rafael/.gradle/caches/jars-3/855bd024c9103048d08cf3d6b4ccafaf/sdk-common-26.0.0.jar
7fc28808a000-7fc28808e000 r--s 00023000 08:04 2499191                    /home/rafael/.gradle/caches/jars-3/901a1ffe8b1c867d10bb96d1ffa22bf8/manifest-merger-26.0.0.jar
7fc28808e000-7fc288092000 r--s 0002e000 08:04 2499189                    /home/rafael/.gradle/caches/jars-3/7844948b119640730aae7d1024fe376e/compilerCommon-3.0.0.jar
7fc288092000-7fc2880a1000 r--s 000cb000 08:04 2499185                    /home/rafael/.gradle/caches/jars-3/f5905f482fd3ae4156449764362d5347/uast-26.0.0.jar
7fc2880a1000-7fc2880d1000 r--s 01983000 08:04 2499177                    /home/rafael/.gradle/caches/jars-3/9d8abc21f07cf6634ed8d5a72c47a95f/builder-3.0.0.jar
7fc2880d1000-7fc2880d4000 ---p 00000000 00:00 0 
7fc2880d4000-7fc2883d2000 rw-p 00000000 00:00 0 
7fc2883d2000-7fc2885d2000 rw-p 00000000 00:00 0 
7fc2885d2000-7fc2887d2000 rw-p 00000000 00:00 0 
7fc2887d2000-7fc2889d2000 rw-p 00000000 00:00 0 
7fc2889d2000-7fc288bd2000 rw-p 00000000 00:00 0 
7fc288bd2000-7fc288dd2000 rw-p 00000000 00:00 0 
7fc288dd2000-7fc288dd4000 r--s 00003000 08:04 2499187                    /home/rafael/.gradle/caches/jars-3/93282345f8a1cdba41f206997292df6a/gradle-api-3.0.0.jar
7fc288dd4000-7fc288ddb000 r--s 0007f000 08:04 2499183                    /home/rafael/.gradle/caches/jars-3/96f25077deeaace8d84ee1787aad54fd/lint-api-26.0.0.jar
7fc288ddb000-7fc288de4000 r--s 000ff000 08:04 2499181                    /home/rafael/.gradle/caches/jars-3/f0348591fd8e5cf1f09289c2cddb6498/lint-checks-26.0.0.jar
7fc288de4000-7fc288de7000 r--s 00039000 08:04 2499179                    /home/rafael/.gradle/caches/jars-3/6acf45ba7bd0fd34186c06e50fa1a773/lint-26.0.0.jar
7fc288de7000-7fc288e0a000 r--s 0020b000 08:04 2499175                    /home/rafael/.gradle/caches/jars-3/6580be06fa7f5eae6309ca3ad3a20624/gradle-core-3.0.0.jar
7fc288e0a000-7fc288e0c000 r--s 0000f000 08:04 1188971                    /home/rafael/.gradle/caches/jars-3/119369196b5bc94e9595652e20112cf5/gradle-3.0.0.jar
7fc288e0c000-7fc288e7c000 r--s 00643000 08:04 1188885                    /home/rafael/.gradle/caches/jars-3/fd607a71f3d781451515f815d21ecd8e/groovy-all-2.4.6.jar
7fc288e7c000-7fc288e82000 r--s 0008b000 08:04 1188883                    /home/rafael/.gradle/caches/jars-3/f0a02bd4a7e9a58968cad5d82da8cec1/gradle-tooling-extension-impl.jar
7fc288e82000-7fc288e87000 r--s 00034000 08:04 1188881                    /home/rafael/.gradle/caches/jars-3/d447f2396a03dbc75b6d52fec5a488d6/gson-2.5.jar
7fc288e87000-7fc288e95000 r--s 000ca000 08:04 786490                     /home/rafael/.gradle/caches/jars-3/e0bd0005080c5c7e72a2b279cbd60369/kotlin-runtime.jar
7fc288e95000-7fc288e98000 ---p 00000000 00:00 0 
7fc288e98000-7fc288f96000 rw-p 00000000 00:00 0 
7fc288f96000-7fc288f98000 r--s 0000e000 08:04 670906                     /home/rafael/.gradle/caches/jars-3/749fa8fddbb60dbf5a9683c6d3a8f3e9/android-extensions-ide.jar
7fc288f98000-7fc288f99000 r--s 00000000 08:04 670904                     /home/rafael/.gradle/caches/jars-3/be363fcec6fce25e79fe7d68a2750e91/gradle-appengine-builder-model-0.1.0.jar
7fc288f99000-7fc288fb8000 r--s 0053d000 08:04 670902                     /home/rafael/.gradle/caches/jars-3/c0b8fca5eb942592236928195650a892/sdk-tools.jar
7fc288fb8000-7fc288fb9000 r--s 00003000 08:04 670900                     /home/rafael/.gradle/caches/jars-3/2405bbfe967ae4d56a908337251d2f0e/kotlin-gradle-tooling.jar
7fc288fb9000-7fc288fba000 r--s 00002000 08:04 670898                     /home/rafael/.gradle/caches/jars-3/99e644a4297156f8ad22d730b4e69696/external-system-rt.jar
7fc288fba000-7fc288fbc000 r--s 0000c000 08:04 670896                     /home/rafael/.gradle/caches/jars-3/873f9ca490439c486fe23eb90064327f/gradle-tooling-extension-api.jar
7fc288fbc000-7fc288fc3000 r--s 0002a000 08:04 670894                     /home/rafael/.gradle/caches/jars-3/fff47aec37b967e571b648d1fc9c6db6/gradle-messaging-3.5.jar
7fc288fc3000-7fc288fc8000 r--s 00041000 08:04 670892                     /home/rafael/.gradle/caches/jars-3/c0502f5c2cf6dfd52d250e1b7d027d24/commons-lang-2.6.jar
7fc288fc8000-7fc28900a000 r--s 00220000 08:04 670890                     /home/rafael/.gradle/caches/jars-3/929747bc6b973b44297e9c57df71598d/gradle-core-3.5.jar
7fc28900a000-7fc289013000 r--s 00047000 08:04 670888                     /home/rafael/.gradle/caches/jars-3/11d06a5dce89fe5632250b7df00a3d57/gradle-base-services-3.5.jar
7fc289013000-7fc28903b000 r--s 001cf000 08:04 670886                     /home/rafael/.gradle/caches/jars-3/566e7e0f530f75a42eba4833ef84d88c/guava-jdk5-17.0.jar
7fc28903b000-7fc289049000 r--s 00043000 08:04 670884                     /home/rafael/.gradle/caches/jars-3/c0d1da18a547ef3a2ba66d3068ae6e09/gradle-tooling-api-3.5.jar
7fc289049000-7fc2890c2000 r--s 010fd000 08:04 199521                     /home/rafael/android-studio/jre/lib/tools.jar
7fc2890c2000-7fc2890c5000 ---p 00000000 00:00 0 
7fc2890c5000-7fc2893c3000 rw-p 00000000 00:00 0 
7fc2893c3000-7fc2893c6000 ---p 00000000 00:00 0 
7fc2893c6000-7fc2894c4000 rw-p 00000000 00:00 0 
7fc2894c4000-7fc2894c7000 ---p 00000000 00:00 0 
7fc2894c7000-7fc2895c5000 rw-p 00000000 00:00 0 
7fc2895c5000-7fc2895c8000 ---p 00000000 00:00 0 
7fc2895c8000-7fc2898c6000 rw-p 00000000 00:00 0 
7fc2898c6000-7fc2898c9000 ---p 00000000 00:00 0 
7fc2898c9000-7fc2899c7000 rw-p 00000000 00:00 0 
7fc2899c7000-7fc2899ca000 ---p 00000000 00:00 0 
7fc2899ca000-7fc289ac8000 rw-p 00000000 00:00 0 
7fc289ac8000-7fc289acb000 ---p 00000000 00:00 0 
7fc289acb000-7fc289bc9000 rw-p 00000000 00:00 0 
7fc289bc9000-7fc289bcc000 ---p 00000000 00:00 0 
7fc289bcc000-7fc289cca000 rw-p 00000000 00:00 0 
7fc289cca000-7fc289ccd000 ---p 00000000 00:00 0 
7fc289ccd000-7fc289dcb000 rw-p 00000000 00:00 0 
7fc289dcb000-7fc289dd2000 r--s 00000000 08:04 1843888                    /usr/lib/x86_64-linux-gnu/gconv/gconv-modules.cache
7fc289dd2000-7fc289dd5000 ---p 00000000 00:00 0 
7fc289dd5000-7fc289ed3000 rw-p 00000000 00:00 0 
7fc289ed3000-7fc289ed8000 r--s 0009a000 08:04 199528                     /home/rafael/android-studio/jre/jre/lib/jsse.jar
7fc289ed8000-7fc28a0d8000 rw-p 00000000 00:00 0 
7fc28a0d8000-7fc28a0e1000 r-xp 00000000 08:04 215126                     /home/rafael/android-studio/jre/jre/lib/amd64/libmanagement.so
7fc28a0e1000-7fc28a2e0000 ---p 00009000 08:04 215126                     /home/rafael/android-studio/jre/jre/lib/amd64/libmanagement.so
7fc28a2e0000-7fc28a2e1000 r--p 00008000 08:04 215126                     /home/rafael/android-studio/jre/jre/lib/amd64/libmanagement.so
7fc28a2e1000-7fc28a2e2000 rw-p 00009000 08:04 215126                     /home/rafael/android-studio/jre/jre/lib/amd64/libmanagement.so
7fc28a2e2000-7fc28a2e4000 r--s 00007000 08:04 2790974                    /home/rafael/.gradle/wrapper/dists/gradle-4.1-all/bzyivzo6n839fup2jbap0tjew/gradle-4.1/lib/plugins/gradle-tooling-api-builders-4.1.jar
7fc28a2e4000-7fc28a2e7000 r--s 00009000 08:04 2790984                    /home/rafael/.gradle/wrapper/dists/gradle-4.1-all/bzyivzo6n839fup2jbap0tjew/gradle-4.1/lib/plugins/gradle-testing-native-4.1.jar
7fc28a2e7000-7fc28a2e9000 r--s 00009000 08:04 2791057                    /home/rafael/.gradle/wrapper/dists/gradle-4.1-all/bzyivzo6n839fup2jbap0tjew/gradle-4.1/lib/plugins/hamcrest-core-1.3.jar
7fc28a2e9000-7fc28a2ee000 r--s 00040000 08:04 2791052                    /home/rafael/.gradle/wrapper/dists/gradle-4.1-all/bzyivzo6n839fup2jbap0tjew/gradle-4.1/lib/plugins/bsh-2.0b4.jar
7fc28a2ee000-7fc28a2f0000 r--s 00006000 08:04 2791053                    /home/rafael/.gradle/wrapper/dists/gradle-4.1-all/bzyivzo6n839fup2jbap0tjew/gradle-4.1/lib/plugins/jcommander-1.12.jar
7fc28a2f0000-7fc28a2f6000 r--s 00033000 08:04 2791054                    /home/rafael/.gradle/wrapper/dists/gradle-4.1-all/bzyivzo6n839fup2jbap0tjew/gradle-4.1/lib/plugins/snakeyaml-1.6.jar
7fc28a2f6000-7fc28a2ff000 r--s 00089000 08:04 2791012                    /home/rafael/.gradle/wrapper/dists/gradle-4.1-all/bzyivzo6n839fup2jbap0tjew/gradle-4.1/lib/plugins/testng-6.3.1.jar
7fc28a2ff000-7fc28a307000 r--s 00045000 08:04 2791013                    /home/rafael/.gradle/wrapper/dists/gradle-4.1-all/bzyivzo6n839fup2jbap0tjew/gradle-4.1/lib/plugins/junit-4.12.jar
7fc28a307000-7fc28a30d000 r--s 0002e000 08:04 2790980                    /home/rafael/.gradle/wrapper/dists/gradle-4.1-all/bzyivzo6n839fup2jbap0tjew/gradle-4.1/lib/plugins/gradle-testing-jvm-4.1.jar
7fc28a30d000-7fc28a311000 r--s 00017000 08:04 2790988                    /home/rafael/.gradle/wrapper/dists/gradle-4.1-all/bzyivzo6n839fup2jbap0tjew/gradle-4.1/lib/plugins/gradle-testing-base-4.1.jar
7fc28a311000-7fc28a318000 r--s 00038000 08:04 2791008                    /home/rafael/.gradle/wrapper/dists/gradle-4.1-all/bzyivzo6n839fup2jbap0tjew/gradle-4.1/lib/plugins/bcpg-jdk15on-1.51.jar
7fc28a318000-7fc28a31a000 r--s 0000c000 08:04 2790959                    /home/rafael/.gradle/wrapper/dists/gradle-4.1-all/bzyivzo6n839fup2jbap0tjew/gradle-4.1/lib/plugins/gradle-signing-4.1.jar
7fc28a31a000-7fc28a31c000 r--s 00007000 08:04 2790965                    /home/rafael/.gradle/wrapper/dists/gradle-4.1-all/bzyivzo6n839fup2jbap0tjew/gradle-4.1/lib/plugins/gradle-scala-4.1.jar
7fc28a31c000-7fc28a31d000 r--s 00004000 08:04 2790996                    /home/rafael/.gradle/wrapper/dists/gradle-4.1-all/bzyivzo6n839fup2jbap0tjew/gradle-4.1/lib/plugins/gradle-resources-sftp-4.1.jar
7fc28a31d000-7fc28a32d000 r--s 00088000 08:04 2791025                    /home/rafael/.gradle/wrapper/dists/gradle-4.1-all/bzyivzo6n839fup2jbap0tjew/gradle-4.1/lib/plugins/joda-time-2.8.2.jar
7fc28a32d000-7fc28a33e000 r--s 0010d000 08:04 2791024                    /home/rafael/.gradle/wrapper/dists/gradle-4.1-all/bzyivzo6n839fup2jbap0tjew/gradle-4.1/lib/plugins/jackson-databind-2.6.6.jar
7fc28a33e000-7fc28a341000 r--s 00009000 08:04 2791023                    /home/rafael/.gradle/wrapper/dists/gradle-4.1-all/bzyivzo6n839fup2jbap0tjew/gradle-4.1/lib/plugins/jackson-annotations-2.6.6.jar
7fc28a341000-7fc28a345000 r--s 0003c000 08:04 2791022                    /home/rafael/.gradle/wrapper/dists/gradle-4.1-all/bzyivzo6n839fup2jbap0tjew/gradle-4.1/lib/plugins/jackson-core-2.6.6.jar
7fc28a345000-7fc28a353000 r--s 00087000 08:04 2791021                    /home/rafael/.gradle/wrapper/dists/gradle-4.1-all/bzyivzo6n839fup2jbap0tjew/gradle-4.1/lib/plugins/aws-java-sdk-core-1.11.6.jar
7fc28a353000-7fc28a35a000 r--s 00057000 08:04 2791020                    /home/rafael/.gradle/wrapper/dists/gradle-4.1-all/bzyivzo6n839fup2jbap0tjew/gradle-4.1/lib/plugins/aws-java-sdk-kms-1.11.6.jar
7fc28a35a000-7fc28a367000 r--s 0008e000 08:04 2791019                    /home/rafael/.gradle/wrapper/dists/gradle-4.1-all/bzyivzo6n839fup2jbap0tjew/gradle-4.1/lib/plugins/aws-java-sdk-s3-1.11.6.jar
7fc28a367000-7fc28a369000 r--s 00004000 08:04 2790993                    /home/rafael/.gradle/wrapper/dists/gradle-4.1-all/bzyivzo6n839fup2jbap0tjew/gradle-4.1/lib/plugins/gradle-resources-s3-4.1.jar
7fc28a369000-7fc28a36b000 r--s 00010000 08:04 2790989                    /home/rafael/.gradle/wrapper/dists/gradle-4.1-all/bzyivzo6n839fup2jbap0tjew/gradle-4.1/lib/plugins/gradle-reporting-4.1.jar
7fc28a36b000-7fc28a36d000 r--s 00002000 08:04 2790990                    /home/rafael/.gradle/wrapper/dists/gradle-4.1-all/bzyivzo6n839fup2jbap0tjew/gradle-4.1/lib/plugins/gradle-publish-4.1.jar
7fc28a36d000-7fc28a36f000 r--s 00009000 08:04 2791001                    /home/rafael/.gradle/wrapper/dists/gradle-4.1-all/bzyivzo6n839fup2jbap0tjew/gradle-4.1/lib/plugins/commons-cli-1.2.jar
7fc28a36f000-7fc28a375000 r--s 00036000 08:04 2790973                    /home/rafael/.gradle/wrapper/dists/gradle-4.1-all/bzyivzo6n839fup2jbap0tjew/gradle-4.1/lib/plugins/gradle-plugins-4.1.jar
7fc28a375000-7fc28a377000 r--s 00009000 08:04 2790960                    /home/rafael/.gradle/wrapper/dists/gradle-4.1-all/bzyivzo6n839fup2jbap0tjew/gradle-4.1/lib/plugins/gradle-plugin-development-4.1.jar
7fc28a377000-7fc28a37d000 r--s 0002b000 08:04 2790968                    /home/rafael/.gradle/wrapper/dists/gradle-4.1-all/bzyivzo6n839fup2jbap0tjew/gradle-4.1/lib/plugins/gradle-platform-play-4.1.jar
7fc28a37d000-7fc28a38c000 r--s 0005b000 08:04 2790986                    /home/rafael/.gradle/wrapper/dists/gradle-4.1-all/bzyivzo6n839fup2jbap0tjew/gradle-4.1/lib/plugins/gradle-platform-native-4.1.jar
7fc28a38c000-7fc28a390000 r--s 0001b000 08:04 2790983                    /home/rafael/.gradle/wrapper/dists/gradle-4.1-all/bzyivzo6n839fup2jbap0tjew/gradle-4.1/lib/plugins/gradle-platform-jvm-4.1.jar
7fc28a390000-7fc28a398000 r--s 00027000 08:04 2790991                    /home/rafael/.gradle/wrapper/dists/gradle-4.1-all/bzyivzo6n839fup2jbap0tjew/gradle-4.1/lib/plugins/gradle-platform-base-4.1.jar
7fc28a398000-7fc28a3c0000 r--s 0021c000 08:04 2791002                    /home/rafael/.gradle/wrapper/dists/gradle-4.1-all/bzyivzo6n839fup2jbap0tjew/gradle-4.1/lib/plugins/biz.aQute.bndlib-3.2.0.jar
7fc28a3c0000-7fc28a3c1000 r--s 00004000 08:04 2790958                    /home/rafael/.gradle/wrapper/dists/gradle-4.1-all/bzyivzo6n839fup2jbap0tjew/gradle-4.1/lib/plugins/gradle-osgi-4.1.jar
7fc28a3c1000-7fc28a3c4000 r--s 0000c000 08:04 2791005                    /home/rafael/.gradle/wrapper/dists/gradle-4.1-all/bzyivzo6n839fup2jbap0tjew/gradle-4.1/lib/plugins/pmaven-groovy-0.8-20100325.jar
7fc28a3c4000-7fc28a3c5000 r--s 00004000 08:04 2791004                    /home/rafael/.gradle/wrapper/dists/gradle-4.1-all/bzyivzo6n839fup2jbap0tjew/gradle-4.1/lib/plugins/pmaven-common-0.8-20100325.jar
7fc28a3c5000-7fc28a3cb000 r--s 00023000 08:04 2790961                    /home/rafael/.gradle/wrapper/dists/gradle-4.1-all/bzyivzo6n839fup2jbap0tjew/gradle-4.1/lib/plugins/gradle-maven-4.1.jar
7fc28a3cb000-7fc28a3ce000 r--s 0000b000 08:04 2790979                    /home/rafael/.gradle/wrapper/dists/gradle-4.1-all/bzyivzo6n839fup2jbap0tjew/gradle-4.1/lib/plugins/gradle-language-scala-4.1.jar
7fc28a3ce000-7fc28a3d5000 r--s 00020000 08:04 2790985                    /home/rafael/.gradle/wrapper/dists/gradle-4.1-all/bzyivzo6n839fup2jbap0tjew/gradle-4.1/lib/plugins/gradle-language-native-4.1.jar
7fc28a3d5000-7fc28a3d7000 r--s 00005000 08:04 2790982                    /home/rafael/.gradle/wrapper/dists/gradle-4.1-all/bzyivzo6n839fup2jbap0tjew/gradle-4.1/lib/plugins/gradle-language-jvm-4.1.jar
7fc28a3d7000-7fc28a3de000 r--s 0002f000 08:04 2790981                    /home/rafael/.gradle/wrapper/dists/gradle-4.1-all/bzyivzo6n839fup2jbap0tjew/gradle-4.1/lib/plugins/gradle-language-java-4.1.jar
7fc28a3de000-7fc28a3e1000 r--s 0000a000 08:04 2790978                    /home/rafael/.gradle/wrapper/dists/gradle-4.1-all/bzyivzo6n839fup2jbap0tjew/gradle-4.1/lib/plugins/gradle-language-groovy-4.1.jar
7fc28a3e1000-7fc28a3e8000 r--s 00035000 08:04 2791011                    /home/rafael/.gradle/wrapper/dists/gradle-4.1-all/bzyivzo6n839fup2jbap0tjew/gradle-4.1/lib/plugins/simple-4.1.21.jar
7fc28a3e8000-7fc28a3f4000 r--s 00100000 08:04 2791009                    /home/rafael/.gradle/wrapper/dists/gradle-4.1-all/bzyivzo6n839fup2jbap0tjew/gradle-4.1/lib/plugins/rhino-1.7R3.jar
7fc28a3f4000-7fc28a3f8000 r--s 00012000 08:04 2790969                    /home/rafael/.gradle/wrapper/dists/gradle-4.1-all/bzyivzo6n839fup2jbap0tjew/gradle-4.1/lib/plugins/gradle-javascript-4.1.jar
7fc28a3f8000-7fc28a3fb000 r--s 00011000 08:04 2790971                    /home/rafael/.gradle/wrapper/dists/gradle-4.1-all/bzyivzo6n839fup2jbap0tjew/gradle-4.1/lib/plugins/gradle-jacoco-4.1.jar
7fc28a3fb000-7fc28a3fe000 r--s 0000e000 08:04 2790970                    /home/rafael/.gradle/wrapper/dists/gradle-4.1-all/bzyivzo6n839fup2jbap0tjew/gradle-4.1/lib/plugins/gradle-ivy-4.1.jar
7fc28a3fe000-7fc28a3ff000 r--s 00002000 08:04 2790962                    /home/rafael/.gradle/wrapper/dists/gradle-4.1-all/bzyivzo6n839fup2jbap0tjew/gradle-4.1/lib/plugins/gradle-ide-play-4.1.jar
7fc28a3ff000-7fc28a402000 r--s 00013000 08:04 2790963                    /home/rafael/.gradle/wrapper/dists/gradle-4.1-all/bzyivzo6n839fup2jbap0tjew/gradle-4.1/lib/plugins/gradle-ide-native-4.1.jar
7fc28a402000-7fc28a40c000 r--s 00054000 08:04 2790964                    /home/rafael/.gradle/wrapper/dists/gradle-4.1-all/bzyivzo6n839fup2jbap0tjew/gradle-4.1/lib/plugins/gradle-ide-4.1.jar
7fc28a40c000-7fc28a40e000 r--s 00007000 08:04 2790967                    /home/rafael/.gradle/wrapper/dists/gradle-4.1-all/bzyivzo6n839fup2jbap0tjew/gradle-4.1/lib/plugins/gradle-ear-4.1.jar
7fc28a40e000-7fc28a410000 r--s 00005000 08:04 2790999                    /home/rafael/.gradle/wrapper/dists/gradle-4.1-all/bzyivzo6n839fup2jbap0tjew/gradle-4.1/lib/plugins/jatl-0.2.2.jar
7fc28a410000-7fc28a417000 r--s 00038000 08:04 2790987                    /home/rafael/.gradle/wrapper/dists/gradle-4.1-all/bzyivzo6n839fup2jbap0tjew/gradle-4.1/lib/plugins/gradle-diagnostics-4.1.jar
7fc28a417000-7fc28a419000 r--s 0000b000 08:04 2790976                    /home/rafael/.gradle/wrapper/dists/gradle-4.1-all/bzyivzo6n839fup2jbap0tjew/gradle-4.1/lib/plugins/gradle-composite-builds-4.1.jar
7fc28a419000-7fc28a41e000 r--s 00025000 08:04 2790956                    /home/rafael/.gradle/wrapper/dists/gradle-4.1-all/bzyivzo6n839fup2jbap0tjew/gradle-4.1/lib/plugins/gradle-code-quality-4.1.jar
7fc28a41e000-7fc28a423000 r--s 00022000 08:04 2790972                    /home/rafael/.gradle/wrapper/dists/gradle-4.1-all/bzyivzo6n839fup2jbap0tjew/gradle-4.1/lib/plugins/gradle-build-init-4.1.jar
7fc28a423000-7fc28a429000 r--s 0008e000 08:04 2790966                    /home/rafael/.gradle/wrapper/dists/gradle-4.1-all/bzyivzo6n839fup2jbap0tjew/gradle-4.1/lib/plugins/gradle-build-comparison-4.1.jar
7fc28a429000-7fc28a42a000 r--s 00002000 08:04 2790994                    /home/rafael/.gradle/wrapper/dists/gradle-4.1-all/bzyivzo6n839fup2jbap0tjew/gradle-4.1/lib/plugins/gradle-build-cache-http-4.1.jar
7fc28a42a000-7fc28a42c000 r--s 00008000 08:04 2790957                    /home/rafael/.gradle/wrapper/dists/gradle-4.1-all/bzyivzo6n839fup2jbap0tjew/gradle-4.1/lib/plugins/gradle-antlr-4.1.jar
7fc28a42c000-7fc28a42e000 r--s 00004000 08:04 2790977                    /home/rafael/.gradle/wrapper/dists/gradle-4.1-all/bzyivzo6n839fup2jbap0tjew/gradle-4.1/lib/plugins/gradle-announce-4.1.jar
7fc28a42e000-7fc28a430000 r--s 00008000 08:04 2790897                    /home/rafael/.gradle/wrapper/dists/gradle-4.1-all/bzyivzo6n839fup2jbap0tjew/gradle-4.1/lib/gradle-kotlin-dsl-tooling-builders-0.10.3.jar
7fc28a430000-7fc28a433000 r--s 0001c000 08:04 2791015                    /home/rafael/.gradle/wrapper/dists/gradle-4.1-all/bzyivzo6n839fup2jbap0tjew/gradle-4.1/lib/plugins/nekohtml-1.9.14.jar
7fc28a433000-7fc28a43b000 r--s 00028000 08:04 2791056                    /home/rafael/.gradle/wrapper/dists/gradle-4.1-all/bzyivzo6n839fup2jbap0tjew/gradle-4.1/lib/plugins/xml-apis-1.3.04.jar
7fc28a43b000-7fc28a453000 r--s 00115000 08:04 2791016                    /home/rafael/.gradle/wrapper/dists/gradle-4.1-all/bzyivzo6n839fup2jbap0tjew/gradle-4.1/lib/plugins/xercesImpl-2.9.1.jar
7fc28a453000-7fc28a459000 r--s 0005b000 08:04 2791014                    /home/rafael/.gradle/wrapper/dists/gradle-4.1-all/bzyivzo6n839fup2jbap0tjew/gradle-4.1/lib/plugins/jcifs-1.3.17.jar
7fc28a459000-7fc28a460000 r--s 00049000 08:04 2791055                    /home/rafael/.gradle/wrapper/dists/gradle-4.1-all/bzyivzo6n839fup2jbap0tjew/gradle-4.1/lib/plugins/httpcore-4.4.4.jar
7fc28a460000-7fc28a466000 r--s 00033000 08:04 2791007                    /home/rafael/.gradle/wrapper/dists/gradle-4.1-all/bzyivzo6n839fup2jbap0tjew/gradle-4.1/lib/plugins/commons-codec-1.6.jar
7fc28a466000-7fc28a473000 r--s 000a4000 08:04 2791000                    /home/rafael/.gradle/wrapper/dists/gradle-4.1-all/bzyivzo6n839fup2jbap0tjew/gradle-4.1/lib/plugins/httpclient-4.4.1.jar
7fc28a473000-7fc28a475000 r--s 0000b000 08:04 2790995                    /home/rafael/.gradle/wrapper/dists/gradle-4.1-all/bzyivzo6n839fup2jbap0tjew/gradle-4.1/lib/plugins/gradle-resources-http-4.1.jar
7fc28a475000-7fc28a479000 r--s 00017000 08:04 2790992                    /home/rafael/.gradle/wrapper/dists/gradle-4.1-all/bzyivzo6n839fup2jbap0tjew/gradle-4.1/lib/plugins/gradle-plugin-use-4.1.jar
7fc28a479000-7fc28a47a000 r--s 00000000 08:04 2790903                    /home/rafael/.gradle/wrapper/dists/gradle-4.1-all/bzyivzo6n839fup2jbap0tjew/gradle-4.1/lib/gradle-runtime-api-info-4.1.jar
7fc28a47a000-7fc28a47b000 r--s 00000000 08:04 2790906                    /home/rafael/.gradle/wrapper/dists/gradle-4.1-all/bzyivzo6n839fup2jbap0tjew/gradle-4.1/lib/gradle-installation-beacon-4.1.jar
7fc28a47b000-7fc28a4bb000 r--s 00277000 08:04 2791027                    /home/rafael/.gradle/wrapper/dists/gradle-4.1-all/bzyivzo6n839fup2jbap0tjew/gradle-4.1/lib/plugins/bcprov-jdk15on-1.51.jar
7fc28a4bb000-7fc28a4bf000 r--s 0001d000 08:04 2791026                    /home/rafael/.gradle/wrapper/dists/gradle-4.1-all/bzyivzo6n839fup2jbap0tjew/gradle-4.1/lib/plugins/xbean-reflect-3.4.jar
7fc28a4bf000-7fc28a4c1000 r--s 0000a000 08:04 2791028                    /home/rafael/.gradle/wrapper/dists/gradle-4.1-all/bzyivzo6n839fup2jbap0tjew/gradle-4.1/lib/plugins/maven-settings-3.0.4.jar
7fc28a4c1000-7fc28a4c4000 r--s 00008000 08:04 2791029                    /home/rafael/.gradle/wrapper/dists/gradle-4.1-all/bzyivzo6n839fup2jbap0tjew/gradle-4.1/lib/plugins/maven-settings-builder-3.0.4.jar
7fc28a4c4000-7fc28a4c8000 r--s 00033000 08:04 2791030                    /home/rafael/.gradle/wrapper/dists/gradle-4.1-all/bzyivzo6n839fup2jbap0tjew/gradle-4.1/lib/plugins/plexus-utils-2.0.6.jar
7fc28a4c8000-7fc28a4ca000 r--s 0000d000 08:04 2791031                    /home/rafael/.gradle/wrapper/dists/gradle-4.1-all/bzyivzo6n839fup2jbap0tjew/gradle-4.1/lib/plugins/plexus-interpolation-1.14.jar
7fc28a4ca000-7fc28a4cc000 r--s 00000000 08:04 2791006                    /home/rafael/.gradle/wrapper/dists/gradle-4.1-all/bzyivzo6n839fup2jbap0tjew/gradle-4.1/lib/plugins/plexus-component-annotations-1.5.5.jar
7fc28a4cc000-7fc28a4d3000 r--s 0002e000 08:04 2791032                    /home/rafael/.gradle/wrapper/dists/gradle-4.1-all/bzyivzo6n839fup2jbap0tjew/gradle-4.1/lib/plugins/plexus-container-default-1.5.5.jar
7fc28a4d3000-7fc28a4d5000 r--s 0000a000 08:04 2791033                    /home/rafael/.gradle/wrapper/dists/gradle-4.1-all/bzyivzo6n839fup2jbap0tjew/gradle-4.1/lib/plugins/plexus-classworlds-2.4.jar
7fc28a4d5000-7fc28a4d7000 r--s 00002000 08:04 2791034                    /home/rafael/.gradle/wrapper/dists/gradle-4.1-all/bzyivzo6n839fup2jbap0tjew/gradle-4.1/lib/plugins/plexus-cipher-1.7.jar
7fc28a4d7000-7fc28a4d8000 r--s 00006000 08:04 2791035                    /home/rafael/.gradle/wrapper/dists/gradle-4.1-all/bzyivzo6n839fup2jbap0tjew/gradle-4.1/lib/plugins/plexus-sec-dispatcher-1.3.jar
7fc28a4d8000-7fc28a4de000 r--s 0003f000 08:04 2791036                    /home/rafael/.gradle/wrapper/dists/gradle-4.1-all/bzyivzo6n839fup2jbap0tjew/gradle-4.1/lib/plugins/maven-compat-3.0.4.jar
7fc28a4de000-7fc28a4e2000 r--s 00021000 08:04 2791037                    /home/rafael/.gradle/wrapper/dists/gradle-4.1-all/bzyivzo6n839fup2jbap0tjew/gradle-4.1/lib/plugins/maven-model-builder-3.0.4.jar
7fc28a4e2000-7fc28a4e4000 r--s 00026000 08:04 2791038                    /home/rafael/.gradle/wrapper/dists/gradle-4.1-all/bzyivzo6n839fup2jbap0tjew/gradle-4.1/lib/plugins/maven-model-3.0.4.jar
7fc28a4e4000-7fc28a4e6000 r--s 0000b000 08:04 2791039                    /home/rafael/.gradle/wrapper/dists/gradle-4.1-all/bzyivzo6n839fup2jbap0tjew/gradle-4.1/lib/plugins/maven-artifact-3.0.4.jar
7fc28a4e6000-7fc28a4e8000 r--s 00006000 08:04 2791040                    /home/rafael/.gradle/wrapper/dists/gradle-4.1-all/bzyivzo6n839fup2jbap0tjew/gradle-4.1/lib/plugins/maven-repository-metadata-3.0.4.jar
7fc28a4e8000-7fc28a4ea000 r--s 0000b000 08:04 2791041                    /home/rafael/.gradle/wrapper/dists/gradle-4.1-all/bzyivzo6n839fup2jbap0tjew/gradle-4.1/lib/plugins/maven-plugin-api-3.0.4.jar
7fc28a4ea000-7fc28a4ec000 r--s 0000c000 08:04 2791042                    /home/rafael/.gradle/wrapper/dists/gradle-4.1-all/bzyivzo6n839fup2jbap0tjew/gradle-4.1/lib/plugins/maven-aether-provider-3.0.4.jar
7fc28a4ec000-7fc28a4ed000 r--s 00002000 08:04 2791043                    /home/rafael/.gradle/wrapper/dists/gradle-4.1-all/bzyivzo6n839fup2jbap0tjew/gradle-4.1/lib/plugins/wagon-file-2.4.jar
7fc28a4ed000-7fc28a4ee000 r--s 00002000 08:04 2791044                    /home/rafael/.gradle/wrapper/dists/gradle-4.1-all/bzyivzo6n839fup2jbap0tjew/gradle-4.1/lib/plugins/wagon-http-2.4.jar
7fc28a4ee000-7fc28a4f0000 r--s 0000b000 08:04 2791045                    /home/rafael/.gradle/wrapper/dists/gradle-4.1-all/bzyivzo6n839fup2jbap0tjew/gradle-4.1/lib/plugins/wagon-provider-api-2.4.jar
7fc28a4f0000-7fc28a4f3000 r--s 00013000 08:04 2791047                    /home/rafael/.gradle/wrapper/dists/gradle-4.1-all/bzyivzo6n839fup2jbap0tjew/gradle-4.1/lib/plugins/aether-api-1.13.1.jar
7fc28a4f3000-7fc28a4f6000 r--s 0001d000 08:04 2791048                    /home/rafael/.gradle/wrapper/dists/gradle-4.1-all/bzyivzo6n839fup2jbap0tjew/gradle-4.1/lib/plugins/aether-impl-1.13.1.jar
7fc28a4f6000-7fc28a4fa000 r--s 0001c000 08:04 2791050                    /home/rafael/.gradle/wrapper/dists/gradle-4.1-all/bzyivzo6n839fup2jbap0tjew/gradle-4.1/lib/plugins/aether-util-1.13.1.jar
7fc28a4fa000-7fc28a506000 r--s 0007d000 08:04 2791003                    /home/rafael/.gradle/wrapper/dists/gradle-4.1-all/bzyivzo6n839fup2jbap0tjew/gradle-4.1/lib/plugins/maven-core-3.0.4.jar
7fc28a506000-7fc28a50b000 r--s 00034000 08:04 2791010                    /home/rafael/.gradle/wrapper/dists/gradle-4.1-all/bzyivzo6n839fup2jbap0tjew/gradle-4.1/lib/plugins/gson-2.7.jar
7fc28a50b000-7fc28a52f000 r--s 0011a000 08:04 2790998                    /home/rafael/.gradle/wrapper/dists/gradle-4.1-all/bzyivzo6n839fup2jbap0tjew/gradle-4.1/lib/plugins/gradle-dependency-management-4.1.jar
7fc28a52f000-7fc28a545000 r-xp 00000000 08:04 5771813                    /lib/x86_64-linux-gnu/libgcc_s.so.1
7fc28a545000-7fc28a744000 ---p 00016000 08:04 5771813                    /lib/x86_64-linux-gnu/libgcc_s.so.1
7fc28a744000-7fc28a745000 rw-p 00015000 08:04 5771813                    /lib/x86_64-linux-gnu/libgcc_s.so.1
7fc28a745000-7fc28a8b7000 r-xp 00000000 08:04 1573145                    /usr/lib/x86_64-linux-gnu/libstdc++.so.6.0.21
7fc28a8b7000-7fc28aab7000 ---p 00172000 08:04 1573145                    /usr/lib/x86_64-linux-gnu/libstdc++.so.6.0.21
7fc28aab7000-7fc28aac1000 r--p 00172000 08:04 1573145                    /usr/lib/x86_64-linux-gnu/libstdc++.so.6.0.21
7fc28aac1000-7fc28aac3000 rw-p 0017c000 08:04 1573145                    /usr/lib/x86_64-linux-gnu/libstdc++.so.6.0.21
7fc28aac3000-7fc28aac7000 rw-p 00000000 00:00 0 
7fc28aac7000-7fc28aac8000 r--s 00007000 08:04 2791046                    /home/rafael/.gradle/wrapper/dists/gradle-4.1-all/bzyivzo6n839fup2jbap0tjew/gradle-4.1/lib/plugins/wagon-http-shared4-2.4.jar
7fc28aac8000-7fc28aac9000 r--s 00003000 08:04 2791049                    /home/rafael/.gradle/wrapper/dists/gradle-4.1-all/bzyivzo6n839fup2jbap0tjew/gradle-4.1/lib/plugins/aether-spi-1.13.1.jar
7fc28aac9000-7fc28aacb000 r--s 00006000 08:04 2791051                    /home/rafael/.gradle/wrapper/dists/gradle-4.1-all/bzyivzo6n839fup2jbap0tjew/gradle-4.1/lib/plugins/aether-connector-wagon-1.13.1.jar
7fc28aacb000-7fc28aad0000 r--s 00040000 08:04 2791018                    /home/rafael/.gradle/wrapper/dists/gradle-4.1-all/bzyivzo6n839fup2jbap0tjew/gradle-4.1/lib/plugins/jsch-0.1.54.jar
7fc28aad0000-7fc28aadf000 r--s 000d9000 08:04 2791017                    /home/rafael/.gradle/wrapper/dists/gradle-4.1-all/bzyivzo6n839fup2jbap0tjew/gradle-4.1/lib/plugins/ivy-2.2.0.jar
7fc28aadf000-7fc28aae2000 r--s 0000d000 08:04 2790997                    /home/rafael/.gradle/wrapper/dists/gradle-4.1-all/bzyivzo6n839fup2jbap0tjew/gradle-4.1/lib/plugins/gradle-workers-4.1.jar
7fc28aae2000-7fc28aae7000 r-xp 00000000 08:04 670866                     /home/rafael/.gradle/native/25/linux-amd64/libnative-platform.so
7fc28aae7000-7fc28ace6000 ---p 00005000 08:04 670866                     /home/rafael/.gradle/native/25/linux-amd64/libnative-platform.so
7fc28ace6000-7fc28ace7000 rw-p 00004000 08:04 670866                     /home/rafael/.gradle/native/25/linux-amd64/libnative-platform.so
7fc28ace7000-7fc28acf8000 r-xp 00000000 08:04 199558                     /home/rafael/android-studio/jre/jre/lib/amd64/libnio.so
7fc28acf8000-7fc28aef7000 ---p 00011000 08:04 199558                     /home/rafael/android-studio/jre/jre/lib/amd64/libnio.so
7fc28aef7000-7fc28aef8000 r--p 00010000 08:04 199558                     /home/rafael/android-studio/jre/jre/lib/amd64/libnio.so
7fc28aef8000-7fc28aef9000 rw-p 00011000 08:04 199558                     /home/rafael/android-studio/jre/jre/lib/amd64/libnio.so
7fc28aef9000-7fc28af0f000 r-xp 00000000 08:04 199557                     /home/rafael/android-studio/jre/jre/lib/amd64/libnet.so
7fc28af0f000-7fc28b10f000 ---p 00016000 08:04 199557                     /home/rafael/android-studio/jre/jre/lib/amd64/libnet.so
7fc28b10f000-7fc28b110000 r--p 00016000 08:04 199557                     /home/rafael/android-studio/jre/jre/lib/amd64/libnet.so
7fc28b110000-7fc28b111000 rw-p 00017000 08:04 199557                     /home/rafael/android-studio/jre/jre/lib/amd64/libnet.so
7fc28b111000-7fc28b11b000 r--s 00116000 08:04 199560                     /home/rafael/android-studio/jre/jre/lib/ext/localedata.jar
7fc28b11b000-7fc28b11c000 r--s 00006000 08:04 2790905                    /home/rafael/.gradle/wrapper/dists/gradle-4.1-all/bzyivzo6n839fup2jbap0tjew/gradle-4.1/lib/gradle-wrapper-4.1.jar
7fc28b11c000-7fc28b129000 r--s 00043000 08:04 2790904                    /home/rafael/.gradle/wrapper/dists/gradle-4.1-all/bzyivzo6n839fup2jbap0tjew/gradle-4.1/lib/gradle-tooling-api-4.1.jar
7fc28b129000-7fc28b138000 r--s 000c8000 08:04 2790901                    /home/rafael/.gradle/wrapper/dists/gradle-4.1-all/bzyivzo6n839fup2jbap0tjew/gradle-4.1/lib/kotlin-stdlib-1.1.3-2.jar
7fc28b138000-7fc28b16a000 r--s 0021b000 08:04 2790900                    /home/rafael/.gradle/wrapper/dists/gradle-4.1-all/bzyivzo6n839fup2jbap0tjew/gradle-4.1/lib/kotlin-reflect-1.1.3-2.jar
7fc28b16a000-7fc28b321000 r--s 01786000 08:04 2790899                    /home/rafael/.gradle/wrapper/dists/gradle-4.1-all/bzyivzo6n839fup2jbap0tjew/gradle-4.1/lib/kotlin-compiler-embeddable-1.1.3-2.jar
7fc28b321000-7fc28b322000 r--s 00000000 08:04 2790898                    /home/rafael/.gradle/wrapper/dists/gradle-4.1-all/bzyivzo6n839fup2jbap0tjew/gradle-4.1/lib/gradle-kotlin-dsl-tooling-models-0.10.3.jar
7fc28b322000-7fc28b323000 r--s 00001000 08:04 2790896                    /home/rafael/.gradle/wrapper/dists/gradle-4.1-all/bzyivzo6n839fup2jbap0tjew/gradle-4.1/lib/gradle-kotlin-dsl-compiler-plugin-0.10.3.jar
7fc28b323000-7fc28b325000 r--s 00003000 08:04 2790894                    /home/rafael/.gradle/wrapper/dists/gradle-4.1-all/bzyivzo6n839fup2jbap0tjew/gradle-4.1/lib/annotations-13.0.jar
7fc28b325000-7fc28b32f000 r--s 00073000 08:04 2790895                    /home/rafael/.gradle/wrapper/dists/gradle-4.1-all/bzyivzo6n839fup2jbap0tjew/gradle-4.1/lib/gradle-kotlin-dsl-0.10.3.jar
7fc28b32f000-7fc28b334000 r--s 00013000 08:04 2790911                    /home/rafael/.gradle/wrapper/dists/gradle-4.1-all/bzyivzo6n839fup2jbap0tjew/gradle-4.1/lib/gradle-resources-4.1.jar
7fc28b334000-7fc28b336000 r--s 00005000 08:04 2790918                    /home/rafael/.gradle/wrapper/dists/gradle-4.1-all/bzyivzo6n839fup2jbap0tjew/gradle-4.1/lib/gradle-cli-4.1.jar
7fc28b336000-7fc28b338000 r--s 00003000 08:04 2790925                    /home/rafael/.gradle/wrapper/dists/gradle-4.1-all/bzyivzo6n839fup2jbap0tjew/gradle-4.1/lib/jcl-over-slf4j-1.7.10.jar
7fc28b338000-7fc28b339000 r--s 00005000 08:04 2790924                    /home/rafael/.gradle/wrapper/dists/gradle-4.1-all/bzyivzo6n839fup2jbap0tjew/gradle-4.1/lib/log4j-over-slf4j-1.7.10.jar
7fc28b339000-7fc28b33b000 r--s 00000000 08:04 2790923                    /home/rafael/.gradle/wrapper/dists/gradle-4.1-all/bzyivzo6n839fup2jbap0tjew/gradle-4.1/lib/jul-to-slf4j-1.7.10.jar
7fc28b33b000-7fc28b342000 r--s 0002c000 08:04 2790909                    /home/rafael/.gradle/wrapper/dists/gradle-4.1-all/bzyivzo6n839fup2jbap0tjew/gradle-4.1/lib/gradle-logging-4.1.jar
7fc28b342000-7fc28b352000 r--s 00082000 08:04 2790914                    /home/rafael/.gradle/wrapper/dists/gradle-4.1-all/bzyivzo6n839fup2jbap0tjew/gradle-4.1/lib/gradle-model-core-4.1.jar
7fc28b352000-7fc28b354000 r--s 00006000 08:04 2790915                    /home/rafael/.gradle/wrapper/dists/gradle-4.1-all/bzyivzo6n839fup2jbap0tjew/gradle-4.1/lib/gradle-base-services-groovy-4.1.jar
7fc28b354000-7fc28b356000 r--s 00007000 08:04 2790913                    /home/rafael/.gradle/wrapper/dists/gradle-4.1-all/bzyivzo6n839fup2jbap0tjew/gradle-4.1/lib/gradle-model-groovy-4.1.jar
7fc28b356000-7fc28b363000 r--s 00083000 08:04 2790934                    /home/rafael/.gradle/wrapper/dists/gradle-4.1-all/bzyivzo6n839fup2jbap0tjew/gradle-4.1/lib/commons-collections-3.2.2.jar
7fc28b363000-7fc28b3d3000 r--s 00645000 08:04 2790931                    /home/rafael/.gradle/wrapper/dists/gradle-4.1-all/bzyivzo6n839fup2jbap0tjew/gradle-4.1/lib/groovy-all-2.4.11.jar
7fc28b3d3000-7fc28b3d6000 r--s 00023000 08:04 2790937                    /home/rafael/.gradle/wrapper/dists/gradle-4.1-all/bzyivzo6n839fup2jbap0tjew/gradle-4.1/lib/jansi-1.14.jar
7fc28b3d6000-7fc28b3fe000 r--s 001cf000 08:04 2790927                    /home/rafael/.gradle/wrapper/dists/gradle-4.1-all/bzyivzo6n839fup2jbap0tjew/gradle-4.1/lib/guava-jdk5-17.0.jar
7fc28b3fe000-7fc28b41d000 r--s 001d1000 08:04 2790932                    /home/rafael/.gradle/wrapper/dists/gradle-4.1-all/bzyivzo6n839fup2jbap0tjew/gradle-4.1/lib/ant-1.9.6.jar
7fc28b41d000-7fc28b41e000 ---p 00000000 00:00 0 
7fc28b41e000-7fc28b51e000 rw-p 00000000 00:00 0 
7fc28b51e000-7fc28b521000 ---p 00000000 00:00 0 
7fc28b521000-7fc28b61f000 rw-p 00000000 00:00 0 
7fc28b61f000-7fc28b622000 ---p 00000000 00:00 0 
7fc28b622000-7fc28b720000 rw-p 00000000 00:00 0 
7fc28b720000-7fc28b723000 ---p 00000000 00:00 0 
7fc28b723000-7fc28b821000 rw-p 00000000 00:00 0 
7fc28b821000-7fc28b824000 ---p 00000000 00:00 0 
7fc28b824000-7fc28b922000 rw-p 00000000 00:00 0 
7fc28b922000-7fc28b925000 ---p 00000000 00:00 0 
7fc28b925000-7fc28ba23000 rw-p 00000000 00:00 0 
7fc28ba23000-7fc28bcfd000 r--p 00000000 08:04 1573184                    /usr/lib/locale/locale-archive
7fc28bcfd000-7fc28bd00000 ---p 00000000 00:00 0 
7fc28bd00000-7fc28bdfe000 rw-p 00000000 00:00 0 
7fc28bdfe000-7fc28be01000 ---p 00000000 00:00 0 
7fc28be01000-7fc28beff000 rw-p 00000000 00:00 0 
7fc28beff000-7fc28bf00000 ---p 00000000 00:00 0 
7fc28bf00000-7fc28c000000 rw-p 00000000 00:00 0 
7fc28c000000-7fc28c02d000 rw-p 00000000 00:00 0 
7fc28c02d000-7fc290000000 ---p 00000000 00:00 0 
7fc290000000-7fc29003d000 rw-p 00000000 00:00 0 
7fc29003d000-7fc294000000 ---p 00000000 00:00 0 
7fc294000000-7fc294021000 rw-p 00000000 00:00 0 
7fc294021000-7fc298000000 ---p 00000000 00:00 0 
7fc298000000-7fc298001000 r--s 00002000 08:04 2790936                    /home/rafael/.gradle/wrapper/dists/gradle-4.1-all/bzyivzo6n839fup2jbap0tjew/gradle-4.1/lib/gradle-docs-4.1.jar
7fc298001000-7fc298002000 r--s 00000000 08:04 2790933                    /home/rafael/.gradle/wrapper/dists/gradle-4.1-all/bzyivzo6n839fup2jbap0tjew/gradle-4.1/lib/javax.inject-1.jar
7fc298002000-7fc298003000 r--s 00004000 08:04 2790939                    /home/rafael/.gradle/wrapper/dists/gradle-4.1-all/bzyivzo6n839fup2jbap0tjew/gradle-4.1/lib/native-platform-freebsd-amd64-libcpp-0.14.jar
7fc298003000-7fc298004000 r--s 00004000 08:04 2790940                    /home/rafael/.gradle/wrapper/dists/gradle-4.1-all/bzyivzo6n839fup2jbap0tjew/gradle-4.1/lib/native-platform-freebsd-amd64-libstdcpp-0.14.jar
7fc298004000-7fc298005000 r--s 00004000 08:04 2790941                    /home/rafael/.gradle/wrapper/dists/gradle-4.1-all/bzyivzo6n839fup2jbap0tjew/gradle-4.1/lib/native-platform-freebsd-i386-libcpp-0.14.jar
7fc298005000-7fc298006000 r--s 00003000 08:04 2790942                    /home/rafael/.gradle/wrapper/dists/gradle-4.1-all/bzyivzo6n839fup2jbap0tjew/gradle-4.1/lib/native-platform-freebsd-i386-libstdcpp-0.14.jar
7fc298006000-7fc298007000 r--s 00002000 08:04 2790943                    /home/rafael/.gradle/wrapper/dists/gradle-4.1-all/bzyivzo6n839fup2jbap0tjew/gradle-4.1/lib/native-platform-linux-amd64-0.14.jar
7fc298007000-7fc298008000 r--s 00002000 08:04 2790944                    /home/rafael/.gradle/wrapper/dists/gradle-4.1-all/bzyivzo6n839fup2jbap0tjew/gradle-4.1/lib/native-platform-linux-i386-0.14.jar
7fc298008000-7fc29800a000 r--s 00002000 08:04 2790945                    /home/rafael/.gradle/wrapper/dists/gradle-4.1-all/bzyivzo6n839fup2jbap0tjew/gradle-4.1/lib/native-platform-osx-amd64-0.14.jar
7fc29800a000-7fc29800b000 r--s 00003000 08:04 2790946                    /home/rafael/.gradle/wrapper/dists/gradle-4.1-all/bzyivzo6n839fup2jbap0tjew/gradle-4.1/lib/native-platform-osx-i386-0.14.jar
7fc29800b000-7fc29800d000 r--s 0000b000 08:04 2790947                    /home/rafael/.gradle/wrapper/dists/gradle-4.1-all/bzyivzo6n839fup2jbap0tjew/gradle-4.1/lib/native-platform-windows-amd64-0.14.jar
7fc29800d000-7fc29800e000 r--s 0000b000 08:04 2790948                    /home/rafael/.gradle/wrapper/dists/gradle-4.1-all/bzyivzo6n839fup2jbap0tjew/gradle-4.1/lib/native-platform-windows-i386-0.14.jar
7fc29800e000-7fc29800f000 r--s 00001000 08:04 2790949                    /home/rafael/.gradle/wrapper/dists/gradle-4.1-all/bzyivzo6n839fup2jbap0tjew/gradle-4.1/lib/native-platform-linux-amd64-ncurses5-0.14.jar
7fc29800f000-7fc298010000 r--s 00001000 08:04 2790950                    /home/rafael/.gradle/wrapper/dists/gradle-4.1-all/bzyivzo6n839fup2jbap0tjew/gradle-4.1/lib/native-platform-linux-amd64-ncurses6-0.14.jar
7fc298010000-7fc298014000 r--s 00012000 08:04 2790935                    /home/rafael/.gradle/wrapper/dists/gradle-4.1-all/bzyivzo6n839fup2jbap0tjew/gradle-4.1/lib/native-platform-0.14.jar
7fc298014000-7fc298017000 r--s 0000c000 08:04 2790912                    /home/rafael/.gradle/wrapper/dists/gradle-4.1-all/bzyivzo6n839fup2jbap0tjew/gradle-4.1/lib/gradle-native-4.1.jar
7fc298017000-7fc298061000 r--s 00253000 08:04 2790907                    /home/rafael/.gradle/wrapper/dists/gradle-4.1-all/bzyivzo6n839fup2jbap0tjew/gradle-4.1/lib/gradle-core-4.1.jar
7fc298061000-7fc29c000000 rw-p 00000000 00:00 0 
7fc29c000000-7fc29c021000 rw-p 00000000 00:00 0 
7fc29c021000-7fc2a0000000 ---p 00000000 00:00 0 
7fc2a0000000-7fc2a0001000 r--s 00001000 08:04 2790951                    /home/rafael/.gradle/wrapper/dists/gradle-4.1-all/bzyivzo6n839fup2jbap0tjew/gradle-4.1/lib/native-platform-linux-i386-ncurses5-0.14.jar
7fc2a0001000-7fc2a0002000 r--s 00001000 08:04 2790952                    /home/rafael/.gradle/wrapper/dists/gradle-4.1-all/bzyivzo6n839fup2jbap0tjew/gradle-4.1/lib/native-platform-linux-i386-ncurses6-0.14.jar
7fc2a0002000-7fc2a0004000 r--s 0000f000 08:04 2790920                    /home/rafael/.gradle/wrapper/dists/gradle-4.1-all/bzyivzo6n839fup2jbap0tjew/gradle-4.1/lib/reflectasm-1.07-shaded.jar
7fc2a0004000-7fc2a0006000 r--s 00000000 08:04 2790953                    /home/rafael/.gradle/wrapper/dists/gradle-4.1-all/bzyivzo6n839fup2jbap0tjew/gradle-4.1/lib/minlog-1.2.jar
7fc2a0006000-7fc2a0008000 r--s 00007000 08:04 2790954                    /home/rafael/.gradle/wrapper/dists/gradle-4.1-all/bzyivzo6n839fup2jbap0tjew/gradle-4.1/lib/objenesis-1.2.jar
7fc2a0008000-7fc2a000c000 r--s 00026000 08:04 2790919                    /home/rafael/.gradle/wrapper/dists/gradle-4.1-all/bzyivzo6n839fup2jbap0tjew/gradle-4.1/lib/kryo-2.20.jar
7fc2a000c000-7fc2a002d000 rw-p 00000000 00:00 0 
7fc2a002d000-7fc2a01fd000 r--s 03c46000 08:04 199529                     /home/rafael/android-studio/jre/jre/lib/rt.jar
7fc2a01fd000-7fc2a0cfd000 rw-p 00000000 00:00 0 
7fc2a0cfd000-7fc2a0cfe000 ---p 00000000 00:00 0 
7fc2a0cfe000-7fc2a0dfe000 rw-p 00000000 00:00 0 
7fc2a0dfe000-7fc2a0dff000 ---p 00000000 00:00 0 
7fc2a0dff000-7fc2a0eff000 rw-p 00000000 00:00 0 
7fc2a0eff000-7fc2a0f00000 ---p 00000000 00:00 0 
7fc2a0f00000-7fc2a1000000 rw-p 00000000 00:00 0 
7fc2a1000000-7fc2a1e70000 rwxp 00000000 00:00 0 
7fc2a1e70000-7fc2b0000000 ---p 00000000 00:00 0 
7fc2b0000000-7fc2b0c84000 rw-p 00000000 00:00 0 
7fc2b0c84000-7fc2b4000000 ---p 00000000 00:00 0 
7fc2b4000000-7fc2b4006000 r--s 0002b000 08:04 2790916                    /home/rafael/.gradle/wrapper/dists/gradle-4.1-all/bzyivzo6n839fup2jbap0tjew/gradle-4.1/lib/gradle-messaging-4.1.jar
7fc2b4006000-7fc2b4008000 r--s 00006000 08:04 2790910                    /home/rafael/.gradle/wrapper/dists/gradle-4.1-all/bzyivzo6n839fup2jbap0tjew/gradle-4.1/lib/gradle-process-services-4.1.jar
7fc2b4008000-7fc2b400d000 r--s 00041000 08:04 2790929                    /home/rafael/.gradle/wrapper/dists/gradle-4.1-all/bzyivzo6n839fup2jbap0tjew/gradle-4.1/lib/commons-lang-2.6.jar
7fc2b400d000-7fc2b40a4000 rw-p 00000000 00:00 0 
7fc2b40a4000-7fc2b40a5000 ---p 00000000 00:00 0 
7fc2b40a5000-7fc2b41c8000 rw-p 00000000 00:00 0 
7fc2b41c8000-7fc2b43a5000 ---p 00000000 00:00 0 
7fc2b43a5000-7fc2b43c8000 rw-p 00000000 00:00 0 
7fc2b43c8000-7fc2b45a5000 ---p 00000000 00:00 0 
7fc2b45a5000-7fc2b460c000 rw-p 00000000 00:00 0 
7fc2b460c000-7fc2b46a5000 ---p 00000000 00:00 0 
7fc2b46a5000-7fc2b46e0000 rw-p 00000000 00:00 0 
7fc2b46e0000-7fc2b4a66000 ---p 00000000 00:00 0 
7fc2b4a66000-7fc2b4a80000 r-xp 00000000 08:04 199548                     /home/rafael/android-studio/jre/jre/lib/amd64/libzip.so
7fc2b4a80000-7fc2b4c80000 ---p 0001a000 08:04 199548                     /home/rafael/android-studio/jre/jre/lib/amd64/libzip.so
7fc2b4c80000-7fc2b4c81000 r--p 0001a000 08:04 199548                     /home/rafael/android-studio/jre/jre/lib/amd64/libzip.so
7fc2b4c81000-7fc2b4c82000 rw-p 0001b000 08:04 199548                     /home/rafael/android-studio/jre/jre/lib/amd64/libzip.so
7fc2b4c82000-7fc2b4c8d000 r-xp 00000000 08:04 5767251                    /lib/x86_64-linux-gnu/libnss_files-2.23.so
7fc2b4c8d000-7fc2b4e8c000 ---p 0000b000 08:04 5767251                    /lib/x86_64-linux-gnu/libnss_files-2.23.so
7fc2b4e8c000-7fc2b4e8d000 r--p 0000a000 08:04 5767251                    /lib/x86_64-linux-gnu/libnss_files-2.23.so
7fc2b4e8d000-7fc2b4e8e000 rw-p 0000b000 08:04 5767251                    /lib/x86_64-linux-gnu/libnss_files-2.23.so
7fc2b4e8e000-7fc2b4e94000 rw-p 00000000 00:00 0 
7fc2b4e94000-7fc2b4e9f000 r-xp 00000000 08:04 5767254                    /lib/x86_64-linux-gnu/libnss_nis-2.23.so
7fc2b4e9f000-7fc2b509e000 ---p 0000b000 08:04 5767254                    /lib/x86_64-linux-gnu/libnss_nis-2.23.so
7fc2b509e000-7fc2b509f000 r--p 0000a000 08:04 5767254                    /lib/x86_64-linux-gnu/libnss_nis-2.23.so
7fc2b509f000-7fc2b50a0000 rw-p 0000b000 08:04 5767254                    /lib/x86_64-linux-gnu/libnss_nis-2.23.so
7fc2b50a0000-7fc2b50b6000 r-xp 00000000 08:04 5767173                    /lib/x86_64-linux-gnu/libnsl-2.23.so
7fc2b50b6000-7fc2b52b5000 ---p 00016000 08:04 5767173                    /lib/x86_64-linux-gnu/libnsl-2.23.so
7fc2b52b5000-7fc2b52b6000 r--p 00015000 08:04 5767173                    /lib/x86_64-linux-gnu/libnsl-2.23.so
7fc2b52b6000-7fc2b52b7000 rw-p 00016000 08:04 5767173                    /lib/x86_64-linux-gnu/libnsl-2.23.so
7fc2b52b7000-7fc2b52b9000 rw-p 00000000 00:00 0 
7fc2b52b9000-7fc2b52c1000 r-xp 00000000 08:04 5767260                    /lib/x86_64-linux-gnu/libnss_compat-2.23.so
7fc2b52c1000-7fc2b54c0000 ---p 00008000 08:04 5767260                    /lib/x86_64-linux-gnu/libnss_compat-2.23.so
7fc2b54c0000-7fc2b54c1000 r--p 00007000 08:04 5767260                    /lib/x86_64-linux-gnu/libnss_compat-2.23.so
7fc2b54c1000-7fc2b54c2000 rw-p 00008000 08:04 5767260                    /lib/x86_64-linux-gnu/libnss_compat-2.23.so
7fc2b54c2000-7fc2b54ef000 r-xp 00000000 08:04 199537                     /home/rafael/android-studio/jre/jre/lib/amd64/libjava.so
7fc2b54ef000-7fc2b56ee000 ---p 0002d000 08:04 199537                     /home/rafael/android-studio/jre/jre/lib/amd64/libjava.so
7fc2b56ee000-7fc2b56ef000 r--p 0002c000 08:04 199537                     /home/rafael/android-studio/jre/jre/lib/amd64/libjava.so
7fc2b56ef000-7fc2b56f1000 rw-p 0002d000 08:04 199537                     /home/rafael/android-studio/jre/jre/lib/amd64/libjava.so
7fc2b56f1000-7fc2b5701000 r-xp 00000000 08:04 199556                     /home/rafael/android-studio/jre/jre/lib/amd64/libverify.so
7fc2b5701000-7fc2b5900000 ---p 00010000 08:04 199556                     /home/rafael/android-studio/jre/jre/lib/amd64/libverify.so
7fc2b5900000-7fc2b5902000 r--p 0000f000 08:04 199556                     /home/rafael/android-studio/jre/jre/lib/amd64/libverify.so
7fc2b5902000-7fc2b5903000 rw-p 00011000 08:04 199556                     /home/rafael/android-studio/jre/jre/lib/amd64/libverify.so
7fc2b5903000-7fc2b590a000 r-xp 00000000 08:04 5767256                    /lib/x86_64-linux-gnu/librt-2.23.so
7fc2b590a000-7fc2b5b09000 ---p 00007000 08:04 5767256                    /lib/x86_64-linux-gnu/librt-2.23.so
7fc2b5b09000-7fc2b5b0a000 r--p 00006000 08:04 5767256                    /lib/x86_64-linux-gnu/librt-2.23.so
7fc2b5b0a000-7fc2b5b0b000 rw-p 00007000 08:04 5767256                    /lib/x86_64-linux-gnu/librt-2.23.so
7fc2b5b0b000-7fc2b5c13000 r-xp 00000000 08:04 5767265                    /lib/x86_64-linux-gnu/libm-2.23.so
7fc2b5c13000-7fc2b5e12000 ---p 00108000 08:04 5767265                    /lib/x86_64-linux-gnu/libm-2.23.so
7fc2b5e12000-7fc2b5e13000 r--p 00107000 08:04 5767265                    /lib/x86_64-linux-gnu/libm-2.23.so
7fc2b5e13000-7fc2b5e14000 rw-p 00108000 08:04 5767265                    /lib/x86_64-linux-gnu/libm-2.23.so
7fc2b5e14000-7fc2b6a0c000 r-xp 00000000 08:04 199547                     /home/rafael/android-studio/jre/jre/lib/amd64/server/libjvm.so
7fc2b6a0c000-7fc2b6c0c000 ---p 00bf8000 08:04 199547                     /home/rafael/android-studio/jre/jre/lib/amd64/server/libjvm.so
7fc2b6c0c000-7fc2b6cab000 r--p 00bf8000 08:04 199547                     /home/rafael/android-studio/jre/jre/lib/amd64/server/libjvm.so
7fc2b6cab000-7fc2b6cd4000 rw-p 00c97000 08:04 199547                     /home/rafael/android-studio/jre/jre/lib/amd64/server/libjvm.so
7fc2b6cd4000-7fc2b6d18000 rw-p 00000000 00:00 0 
7fc2b6d18000-7fc2b6d30000 r-xp 00000000 08:04 5767253                    /lib/x86_64-linux-gnu/libpthread-2.23.so
7fc2b6d30000-7fc2b6f2f000 ---p 00018000 08:04 5767253                    /lib/x86_64-linux-gnu/libpthread-2.23.so
7fc2b6f2f000-7fc2b6f30000 r--p 00017000 08:04 5767253                    /lib/x86_64-linux-gnu/libpthread-2.23.so
7fc2b6f30000-7fc2b6f31000 rw-p 00018000 08:04 5767253                    /lib/x86_64-linux-gnu/libpthread-2.23.so
7fc2b6f31000-7fc2b6f35000 rw-p 00000000 00:00 0 
7fc2b6f35000-7fc2b6f38000 r-xp 00000000 08:04 5767259                    /lib/x86_64-linux-gnu/libdl-2.23.so
7fc2b6f38000-7fc2b7137000 ---p 00003000 08:04 5767259                    /lib/x86_64-linux-gnu/libdl-2.23.so
7fc2b7137000-7fc2b7138000 r--p 00002000 08:04 5767259                    /lib/x86_64-linux-gnu/libdl-2.23.so
7fc2b7138000-7fc2b7139000 rw-p 00003000 08:04 5767259                    /lib/x86_64-linux-gnu/libdl-2.23.so
7fc2b7139000-7fc2b72f9000 r-xp 00000000 08:04 5771794                    /lib/x86_64-linux-gnu/libc-2.23.so
7fc2b72f9000-7fc2b74f9000 ---p 001c0000 08:04 5771794                    /lib/x86_64-linux-gnu/libc-2.23.so
7fc2b74f9000-7fc2b74fd000 r--p 001c0000 08:04 5771794                    /lib/x86_64-linux-gnu/libc-2.23.so
7fc2b74fd000-7fc2b74ff000 rw-p 001c4000 08:04 5771794                    /lib/x86_64-linux-gnu/libc-2.23.so
7fc2b74ff000-7fc2b7503000 rw-p 00000000 00:00 0 
7fc2b7503000-7fc2b7519000 r-xp 00000000 08:04 215003                     /home/rafael/android-studio/jre/lib/amd64/jli/libjli.so
7fc2b7519000-7fc2b7718000 ---p 00016000 08:04 215003                     /home/rafael/android-studio/jre/lib/amd64/jli/libjli.so
7fc2b7718000-7fc2b7719000 r--p 00015000 08:04 215003                     /home/rafael/android-studio/jre/lib/amd64/jli/libjli.so
7fc2b7719000-7fc2b771a000 rw-p 00016000 08:04 215003                     /home/rafael/android-studio/jre/lib/amd64/jli/libjli.so
7fc2b771a000-7fc2b7740000 r-xp 00000000 08:04 5767182                    /lib/x86_64-linux-gnu/ld-2.23.so
7fc2b7740000-7fc2b7742000 r--s 00000000 08:04 2790908                    /home/rafael/.gradle/wrapper/dists/gradle-4.1-all/bzyivzo6n839fup2jbap0tjew/gradle-4.1/lib/gradle-jvm-services-4.1.jar
7fc2b7742000-7fc2b7743000 r--s 00000000 08:04 2790930                    /home/rafael/.gradle/wrapper/dists/gradle-4.1-all/bzyivzo6n839fup2jbap0tjew/gradle-4.1/lib/jcip-annotations-1.0.jar
7fc2b7743000-7fc2b7746000 r--s 00006000 08:04 2790928                    /home/rafael/.gradle/wrapper/dists/gradle-4.1-all/bzyivzo6n839fup2jbap0tjew/gradle-4.1/lib/jsr305-1.3.9.jar
7fc2b7746000-7fc2b7747000 r--s 00007000 08:04 2790926                    /home/rafael/.gradle/wrapper/dists/gradle-4.1-all/bzyivzo6n839fup2jbap0tjew/gradle-4.1/lib/slf4j-api-1.7.10.jar
7fc2b7747000-7fc2b774f000 r--s 000bd000 08:04 2790921                    /home/rafael/.gradle/wrapper/dists/gradle-4.1-all/bzyivzo6n839fup2jbap0tjew/gradle-4.1/lib/asm-debug-all-6.0_ALPHA.jar
7fc2b774f000-7fc2b775b000 r--s 00053000 08:04 2790917                    /home/rafael/.gradle/wrapper/dists/gradle-4.1-all/bzyivzo6n839fup2jbap0tjew/gradle-4.1/lib/gradle-base-services-4.1.jar
7fc2b775b000-7fc2b781d000 rw-p 00000000 00:00 0 
7fc2b781d000-7fc2b7820000 ---p 00000000 00:00 0 
7fc2b7820000-7fc2b7922000 rw-p 00000000 00:00 0 
7fc2b7922000-7fc2b7926000 r--s 00027000 08:04 2790922                    /home/rafael/.gradle/wrapper/dists/gradle-4.1-all/bzyivzo6n839fup2jbap0tjew/gradle-4.1/lib/commons-io-2.2.jar
7fc2b7926000-7fc2b7927000 r--s 00004000 08:04 2790938                    /home/rafael/.gradle/wrapper/dists/gradle-4.1-all/bzyivzo6n839fup2jbap0tjew/gradle-4.1/lib/ant-launcher-1.9.6.jar
7fc2b7927000-7fc2b7933000 r--s 0005c000 08:04 2790902                    /home/rafael/.gradle/wrapper/dists/gradle-4.1-all/bzyivzo6n839fup2jbap0tjew/gradle-4.1/lib/gradle-launcher-4.1.jar
7fc2b7933000-7fc2b793b000 rw-s 00000000 08:04 5381854                    /tmp/hsperfdata_rafael/10869
7fc2b793b000-7fc2b793c000 rw-p 00000000 00:00 0 
7fc2b793c000-7fc2b793d000 ---p 00000000 00:00 0 
7fc2b793d000-7fc2b793f000 rw-p 00000000 00:00 0 
7fc2b793f000-7fc2b7940000 r--p 00025000 08:04 5767182                    /lib/x86_64-linux-gnu/ld-2.23.so
7fc2b7940000-7fc2b7941000 rw-p 00026000 08:04 5767182                    /lib/x86_64-linux-gnu/ld-2.23.so
7fc2b7941000-7fc2b7942000 rw-p 00000000 00:00 0 
7ffc8276c000-7ffc8278d000 rw-p 00000000 00:00 0                          [stack]
7ffc827a1000-7ffc827a3000 r--p 00000000 00:00 0                          [vvar]
7ffc827a3000-7ffc827a5000 r-xp 00000000 00:00 0                          [vdso]
ffffffffff600000-ffffffffff601000 r-xp 00000000 00:00 0                  [vsyscall]

VM Arguments:
jvm_args: -Xmx1536m -Dfile.encoding=UTF-8 -Duser.country=BR -Duser.language=pt -Duser.variant 
java_command: org.gradle.launcher.daemon.bootstrap.GradleDaemon 4.1
java_class_path (initial): /home/rafael/.gradle/wrapper/dists/gradle-4.1-all/bzyivzo6n839fup2jbap0tjew/gradle-4.1/lib/gradle-launcher-4.1.jar
Launcher Type: SUN_STANDARD

Environment Variables:
JAVA_HOME=/usr/lib/jvm/java-8-oracle
PATH=/home/rafael/bin:/home/rafael/.local/bin:/usr/local/sbin:/usr/local/bin:/usr/sbin:/usr/bin:/sbin:/bin:/usr/games:/usr/local/games:/snap/bin:/usr/lib/jvm/java-8-oracle/bin:/usr/lib/jvm/java-8-oracle/db/bin:/usr/lib/jvm/java-8-oracle/jre/bin
LD_LIBRARY_PATH=/home/rafael/android-studio/bin:
SHELL=/bin/bash
DISPLAY=:0

Signal Handlers:
SIGSEGV: [libjvm.so+0x9ebc60], sa_mask[0]=11111111011111111101111111111110, sa_flags=SA_RESTART|SA_SIGINFO
SIGBUS: [libjvm.so+0x9ebc60], sa_mask[0]=11111111011111111101111111111110, sa_flags=SA_RESTART|SA_SIGINFO
SIGFPE: [libjvm.so+0x84cf60], sa_mask[0]=11111111011111111101111111111110, sa_flags=SA_RESTART|SA_SIGINFO
SIGPIPE: [libjvm.so+0x84cf60], sa_mask[0]=11111111011111111101111111111110, sa_flags=SA_RESTART|SA_SIGINFO
SIGXFSZ: [libjvm.so+0x84cf60], sa_mask[0]=11111111011111111101111111111110, sa_flags=SA_RESTART|SA_SIGINFO
SIGILL: [libjvm.so+0x84cf60], sa_mask[0]=11111111011111111101111111111110, sa_flags=SA_RESTART|SA_SIGINFO
SIGUSR1: SIG_DFL, sa_mask[0]=00000000000000000000000000000000, sa_flags=none
SIGUSR2: [libjvm.so+0x84ce30], sa_mask[0]=00100000000000000000000000000000, sa_flags=SA_RESTART|SA_SIGINFO
SIGHUP: [libjvm.so+0x84d020], sa_mask[0]=11111111011111111101111111111110, sa_flags=SA_RESTART|SA_SIGINFO
SIGINT: [libjvm.so+0x84d020], sa_mask[0]=11111111011111111101111111111110, sa_flags=SA_RESTART|SA_SIGINFO
SIGTERM: [libjvm.so+0x84d020], sa_mask[0]=11111111011111111101111111111110, sa_flags=SA_RESTART|SA_SIGINFO
SIGQUIT: [libjvm.so+0x84d020], sa_mask[0]=11111111011111111101111111111110, sa_flags=SA_RESTART|SA_SIGINFO


---------------  S Y S T E M  ---------------

OS:DISTRIB_ID=Ubuntu
DISTRIB_RELEASE=16.04
DISTRIB_CODENAME=xenial
DISTRIB_DESCRIPTION="Ubuntu 16.04.3 LTS"

uname:Linux 4.10.0-37-generic #41~16.04.1-Ubuntu SMP Fri Oct 6 22:42:59 UTC 2017 x86_64
libc:glibc 2.23 NPTL 2.23 
rlimit: STACK 8192k, CORE 0k, NPROC 30348, NOFILE 1048576, AS infinity
load average:23,82 11,99 5,33

/proc/meminfo:
MemTotal:        8051372 kB
MemFree:          217556 kB
MemAvailable:     142948 kB
Buffers:            1960 kB
Cached:           914708 kB
SwapCached:            0 kB
Active:          6795676 kB
Inactive:         764808 kB
Active(anon):    6788040 kB
Inactive(anon):   704100 kB
Active(file):       7636 kB
Inactive(file):    60708 kB
Unevictable:         624 kB
Mlocked:             624 kB
SwapTotal:             0 kB
SwapFree:              0 kB
Dirty:               260 kB
Writeback:             0 kB
AnonPages:       6645440 kB
Mapped:           411032 kB
Shmem:            847260 kB
Slab:             122444 kB
SReclaimable:      54448 kB
SUnreclaim:        67996 kB
KernelStack:       13560 kB
PageTables:        66892 kB
NFS_Unstable:          0 kB
Bounce:                0 kB
WritebackTmp:          0 kB
CommitLimit:     4025684 kB
Committed_AS:   13998832 kB
VmallocTotal:   34359738367 kB
VmallocUsed:           0 kB
VmallocChunk:          0 kB
HardwareCorrupted:     0 kB
AnonHugePages:   2891776 kB
ShmemHugePages:        0 kB
ShmemPmdMapped:        0 kB
CmaTotal:              0 kB
CmaFree:               0 kB
HugePages_Total:       0
HugePages_Free:        0
HugePages_Rsvd:        0
HugePages_Surp:        0
Hugepagesize:       2048 kB
DirectMap4k:      373744 kB
DirectMap2M:     7892992 kB
DirectMap1G:           0 kB


CPU:total 4 (initial active 4) (2 cores per cpu, 2 threads per core) family 6 model 78 stepping 3, cmov, cx8, fxsr, mmx, sse, sse2, sse3, ssse3, sse4.1, sse4.2, popcnt, avx, avx2, aes, clmul, erms, rtm, 3dnowpref, lzcnt, ht, tsc, tscinvbit, bmi1, bmi2, adx

/proc/cpuinfo:
processor	: 0
vendor_id	: GenuineIntel
cpu family	: 6
model		: 78
model name	: Intel(R) Core(TM) i5-6300U CPU @ 2.40GHz
stepping	: 3
microcode	: 0x94
cpu MHz		: 900.421
cache size	: 3072 KB
physical id	: 0
siblings	: 4
core id		: 0
cpu cores	: 2
apicid		: 0
initial apicid	: 0
fpu		: yes
fpu_exception	: yes
cpuid level	: 22
wp		: yes
flags		: fpu vme de pse tsc msr pae mce cx8 apic sep mtrr pge mca cmov pat pse36 clflush dts acpi mmx fxsr sse sse2 ss ht tm pbe syscall nx pdpe1gb rdtscp lm constant_tsc art arch_perfmon pebs bts rep_good nopl xtopology nonstop_tsc aperfmperf tsc_known_freq pni pclmulqdq dtes64 monitor ds_cpl vmx smx est tm2 ssse3 sdbg fma cx16 xtpr pdcm pcid sse4_1 sse4_2 x2apic movbe popcnt tsc_deadline_timer aes xsave avx f16c rdrand lahf_lm abm 3dnowprefetch epb intel_pt tpr_shadow vnmi flexpriority ept vpid fsgsbase tsc_adjust bmi1 hle avx2 smep bmi2 erms invpcid rtm mpx rdseed adx smap clflushopt xsaveopt xsavec xgetbv1 xsaves dtherm ida arat pln pts hwp hwp_notify hwp_act_window hwp_epp
bugs		:
bogomips	: 4992.00
clflush size	: 64
cache_alignment	: 64
address sizes	: 39 bits physical, 48 bits virtual
power management:

processor	: 1
vendor_id	: GenuineIntel
cpu family	: 6
model		: 78
model name	: Intel(R) Core(TM) i5-6300U CPU @ 2.40GHz
stepping	: 3
microcode	: 0x94
cpu MHz		: 718.688
cache size	: 3072 KB
physical id	: 0
siblings	: 4
core id		: 1
cpu cores	: 2
apicid		: 2
initial apicid	: 2
fpu		: yes
fpu_exception	: yes
cpuid level	: 22
wp		: yes
flags		: fpu vme de pse tsc msr pae mce cx8 apic sep mtrr pge mca cmov pat pse36 clflush dts acpi mmx fxsr sse sse2 ss ht tm pbe syscall nx pdpe1gb rdtscp lm constant_tsc art arch_perfmon pebs bts rep_good nopl xtopology nonstop_tsc aperfmperf tsc_known_freq pni pclmulqdq dtes64 monitor ds_cpl vmx smx est tm2 ssse3 sdbg fma cx16 xtpr pdcm pcid sse4_1 sse4_2 x2apic movbe popcnt tsc_deadline_timer aes xsave avx f16c rdrand lahf_lm abm 3dnowprefetch epb intel_pt tpr_shadow vnmi flexpriority ept vpid fsgsbase tsc_adjust bmi1 hle avx2 smep bmi2 erms invpcid rtm mpx rdseed adx smap clflushopt xsaveopt xsavec xgetbv1 xsaves dtherm ida arat pln pts hwp hwp_notify hwp_act_window hwp_epp
bugs		:
bogomips	: 4992.00
clflush size	: 64
cache_alignment	: 64
address sizes	: 39 bits physical, 48 bits virtual
power management:

processor	: 2
vendor_id	: GenuineIntel
cpu family	: 6
model		: 78
model name	: Intel(R) Core(TM) i5-6300U CPU @ 2.40GHz
stepping	: 3
microcode	: 0x94
cpu MHz		: 700.073
cache size	: 3072 KB
physical id	: 0
siblings	: 4
core id		: 0
cpu cores	: 2
apicid		: 1
initial apicid	: 1
fpu		: yes
fpu_exception	: yes
cpuid level	: 22
wp		: yes
flags		: fpu vme de pse tsc msr pae mce cx8 apic sep mtrr pge mca cmov pat pse36 clflush dts acpi mmx fxsr sse sse2 ss ht tm pbe syscall nx pdpe1gb rdtscp lm constant_tsc art arch_perfmon pebs bts rep_good nopl xtopology nonstop_tsc aperfmperf tsc_known_freq pni pclmulqdq dtes64 monitor ds_cpl vmx smx est tm2 ssse3 sdbg fma cx16 xtpr pdcm pcid sse4_1 sse4_2 x2apic movbe popcnt tsc_deadline_timer aes xsave avx f16c rdrand lahf_lm abm 3dnowprefetch epb intel_pt tpr_shadow vnmi flexpriority ept vpid fsgsbase tsc_adjust bmi1 hle avx2 smep bmi2 erms invpcid rtm mpx rdseed adx smap clflushopt xsaveopt xsavec xgetbv1 xsaves dtherm ida arat pln pts hwp hwp_notify hwp_act_window hwp_epp
bugs		:
bogomips	: 4992.00
clflush size	: 64
cache_alignment	: 64
address sizes	: 39 bits physical, 48 bits virtual
power management:

processor	: 3
vendor_id	: GenuineIntel
cpu family	: 6
model		: 78
model name	: Intel(R) Core(TM) i5-6300U CPU @ 2.40GHz
stepping	: 3
microcode	: 0x94
cpu MHz		: 717.468
cache size	: 3072 KB
physical id	: 0
siblings	: 4
core id		: 1
cpu cores	: 2
apicid		: 3
initial apicid	: 3
fpu		: yes
fpu_exception	: yes
cpuid level	: 22
wp		: yes
flags		: fpu vme de pse tsc msr pae mce cx8 apic sep mtrr pge mca cmov pat pse36 clflush dts acpi mmx fxsr sse sse2 ss ht tm pbe syscall nx pdpe1gb rdtscp lm constant_tsc art arch_perfmon pebs bts rep_good nopl xtopology nonstop_tsc aperfmperf tsc_known_freq pni pclmulqdq dtes64 monitor ds_cpl vmx smx est tm2 ssse3 sdbg fma cx16 xtpr pdcm pcid sse4_1 sse4_2 x2apic movbe popcnt tsc_deadline_timer aes xsave avx f16c rdrand lahf_lm abm 3dnowprefetch epb intel_pt tpr_shadow vnmi flexpriority ept vpid fsgsbase tsc_adjust bmi1 hle avx2 smep bmi2 erms invpcid rtm mpx rdseed adx smap clflushopt xsaveopt xsavec xgetbv1 xsaves dtherm ida arat pln pts hwp hwp_notify hwp_act_window hwp_epp
bugs		:
bogomips	: 4992.00
clflush size	: 64
cache_alignment	: 64
address sizes	: 39 bits physical, 48 bits virtual
power management:



Memory: 4k page, physical 8051372k(216812k free), swap 0k(0k free)

vm_info: OpenJDK 64-Bit Server VM (25.152-b01) for linux-amd64 JRE (1.8.0_152-release-915-b01), built by "builder" with gcc 4.8.4

time: Tue Oct 31 07:57:12 2017
elapsed time: 205 seconds (0d 0h 3m 25s)

